L 04/05/2019 - 10:00:59: Start of error session.
L 04/05/2019 - 10:00:59: Info (map "$1000$") (file "addons/amxmodx/logs/error_20190405.log")
L 04/05/2019 - 10:00:59: [AMXX] Plugin file open error (plugin "admin_slash.amxx")
L 04/05/2019 - 10:03:26: Start of error session.
L 04/05/2019 - 10:03:26: Info (map "$1000$") (file "addons/amxmodx/logs/error_20190405.log")
L 04/05/2019 - 10:03:26: [AMXX] Plugin file open error (plugin "admin_slash.amxx")
L 04/05/2019 - 10:06:26: Start of error session.
L 04/05/2019 - 10:06:26: Info (map "$1000$") (file "addons/amxmodx/logs/error_20190405.log")
L 04/05/2019 - 10:06:26: [AMXX] Plugin file open error (plugin "admin_slash.amxx")
L 04/05/2019 - 10:08:54: Start of error session.
L 04/05/2019 - 10:08:54: Info (map "$1000$") (file "addons/amxmodx/logs/error_20190405.log")
L 04/05/2019 - 10:08:54: [AMXX] Plugin file open error (plugin "admin_slash.amxx")
L 04/05/2019 - 10:17:16: Start of error session.
L 04/05/2019 - 10:17:16: Info (map "de_aztec") (file "addons/amxmodx/logs/error_20190405.log")
L 04/05/2019 - 10:17:16: [AMXX] Plugin file open error (plugin "admin_slash.amxx")
L 04/05/2019 - 10:25:08: Start of error session.
L 04/05/2019 - 10:25:08: Info (map "$1000$") (file "addons/amxmodx/logs/error_20190405.log")
L 04/05/2019 - 10:25:08: [AMXX] Plugin file open error (plugin "admin_slash.amxx")
L 04/05/2019 - 12:38:04: Start of error session.
L 04/05/2019 - 12:38:04: Info (map "$1000$") (file "addons/amxmodx/logs/error_20190405.log")
L 04/05/2019 - 12:38:04: [AMXX] Plugin file open error (plugin "admin_slash.amxx")
L 04/05/2019 - 13:38:31: Start of error session.
L 04/05/2019 - 13:38:31: Info (map "$1000$") (file "addons/amxmodx/logs/error_20190405.log")
L 04/05/2019 - 13:38:31: [AMXX] Plugin file open error (plugin "admin_slash.amxx")
L 04/05/2019 - 13:39:20: Start of error session.
L 04/05/2019 - 13:39:20: Info (map "$1000$") (file "addons/amxmodx/logs/error_20190405.log")
L 04/05/2019 - 13:39:20: [AMXX] Plugin file open error (plugin "admin_slash.amxx")
L 04/05/2019 - 14:20:45: Start of error session.
L 04/05/2019 - 14:20:45: Info (map "$1000$") (file "addons/amxmodx/logs/error_20190405.log")
L 04/05/2019 - 14:20:45: [AMXX] Plugin file open error (plugin "admin_slash.amxx")
L 04/05/2019 - 14:36:43: Start of error session.
L 04/05/2019 - 14:36:43: Info (map "$1000$") (file "addons/amxmodx/logs/error_20190405.log")
L 04/05/2019 - 14:36:43: [AMXX] Plugin file open error (plugin "admin_slash.amxx")
L 04/05/2019 - 14:41:44: Start of error session.
L 04/05/2019 - 14:41:44: Info (map "$1000$") (file "addons/amxmodx/logs/error_20190405.log")
L 04/05/2019 - 14:41:44: [AMXX] Plugin file open error (plugin "admin_slash.amxx")
L 04/05/2019 - 14:45:44: Start of error session.
L 04/05/2019 - 14:45:44: Info (map "$1000$") (file "addons/amxmodx/logs/error_20190405.log")
L 04/05/2019 - 14:45:44: [AMXX] Plugin file open error (plugin "admin_slash.amxx")
L 04/05/2019 - 15:04:21: Start of error session.
L 04/05/2019 - 15:04:21: Info (map "de_aztec") (file "addons/amxmodx/logs/error_20190405.log")
L 04/05/2019 - 15:04:21: [AMXX] Plugin file open error (plugin "admin_slash.amxx")
L 04/05/2019 - 15:04:45: Start of error session.
L 04/05/2019 - 15:04:45: Info (map "$1000$") (file "addons/amxmodx/logs/error_20190405.log")
L 04/05/2019 - 15:04:45: [AMXX] Plugin file open error (plugin "admin_slash.amxx")
L 04/05/2019 - 15:10:07: Start of error session.
L 04/05/2019 - 15:10:07: Info (map "aa_dima2") (file "addons/amxmodx/logs/error_20190405.log")
L 04/05/2019 - 15:10:07: [AMXX] Plugin file open error (plugin "admin_slash.amxx")
L 04/05/2019 - 15:16:10: Start of error session.
L 04/05/2019 - 15:16:10: Info (map "$2000$") (file "addons/amxmodx/logs/error_20190405.log")
L 04/05/2019 - 15:16:10: [AMXX] Plugin file open error (plugin "admin_slash.amxx")
L 04/05/2019 - 16:27:28: Start of error session.
L 04/05/2019 - 16:27:28: Info (map "$1000$") (file "addons/amxmodx/logs/error_20190405.log")
L 04/05/2019 - 16:27:28: [AMXX] Plugin file open error (plugin "admin_slash.amxx")
L 04/05/2019 - 16:34:02: Start of error session.
L 04/05/2019 - 16:34:02: Info (map "de_aztec") (file "addons/amxmodx/logs/error_20190405.log")
L 04/05/2019 - 16:34:02: [AMXX] Plugin file open error (plugin "admin_slash.amxx")
L 04/05/2019 - 16:36:56: Start of error session.
L 04/05/2019 - 16:36:56: Info (map "de_dust2") (file "addons/amxmodx/logs/error_20190405.log")
L 04/05/2019 - 16:36:56: [AMXX] Plugin file open error (plugin "admin_slash.amxx")
L 04/05/2019 - 16:37:06: Start of error session.
L 04/05/2019 - 16:37:06: Info (map "$1000$") (file "addons/amxmodx/logs/error_20190405.log")
L 04/05/2019 - 16:37:06: [AMXX] Plugin file open error (plugin "admin_slash.amxx")
L 04/05/2019 - 16:42:10: Start of error session.
L 04/05/2019 - 16:42:10: Info (map "aa_dima2") (file "addons/amxmodx/logs/error_20190405.log")
L 04/05/2019 - 16:42:10: [AMXX] Plugin file open error (plugin "admin_slash.amxx")
L 04/05/2019 - 16:48:42: Start of error session.
L 04/05/2019 - 16:48:42: Info (map "3d_aim_dust2") (file "addons/amxmodx/logs/error_20190405.log")
L 04/05/2019 - 16:48:42: [AMXX] Plugin file open error (plugin "admin_slash.amxx")
