L 05/16/2019 - 15:04:57: Start of error session.
L 05/16/2019 - 15:04:57: Info (map "3d_aim_dust2") (file "addons/amxmodx/logs/error_20190516.log")
L 05/16/2019 - 15:04:57: [AMXX] Plugin file open error (plugin "admin_slash.amxx")
L 05/16/2019 - 15:14:04: Invalid vector string handle provided (0)
L 05/16/2019 - 15:14:04: [AMXX] Run time error 10 (plugin "QuakeSounds.amxx") (native "vformat") - debug not enabled!
L 05/16/2019 - 15:14:04: [AMXX] To enable debug mode, add "debug" after the plugin name in plugins.ini (without quotes).
L 05/16/2019 - 15:14:53: Invalid vector string handle provided (0)
L 05/16/2019 - 15:14:53: [AMXX] Run time error 10 (plugin "QuakeSounds.amxx") (native "vformat") - debug not enabled!
L 05/16/2019 - 15:14:53: [AMXX] To enable debug mode, add "debug" after the plugin name in plugins.ini (without quotes).
L 05/16/2019 - 15:15:22: Invalid vector string handle provided (0)
L 05/16/2019 - 15:15:22: [AMXX] Run time error 10 (plugin "QuakeSounds.amxx") (native "vformat") - debug not enabled!
L 05/16/2019 - 15:15:22: [AMXX] To enable debug mode, add "debug" after the plugin name in plugins.ini (without quotes).
L 05/16/2019 - 15:15:45: Invalid vector string handle provided (0)
L 05/16/2019 - 15:15:45: [AMXX] Run time error 10 (plugin "QuakeSounds.amxx") (native "vformat") - debug not enabled!
L 05/16/2019 - 15:15:45: [AMXX] To enable debug mode, add "debug" after the plugin name in plugins.ini (without quotes).
L 05/16/2019 - 15:22:21: Invalid vector string handle provided (0)
L 05/16/2019 - 15:22:21: [AMXX] Run time error 10 (plugin "QuakeSounds.amxx") (native "vformat") - debug not enabled!
L 05/16/2019 - 15:22:21: [AMXX] To enable debug mode, add "debug" after the plugin name in plugins.ini (without quotes).
L 05/16/2019 - 15:22:45: Invalid vector string handle provided (0)
L 05/16/2019 - 15:22:45: [AMXX] Run time error 10 (plugin "QuakeSounds.amxx") (native "vformat") - debug not enabled!
L 05/16/2019 - 15:22:45: [AMXX] To enable debug mode, add "debug" after the plugin name in plugins.ini (without quotes).
L 05/16/2019 - 15:24:24: Invalid vector string handle provided (0)
L 05/16/2019 - 15:24:24: [AMXX] Run time error 10 (plugin "QuakeSounds.amxx") (native "vformat") - debug not enabled!
L 05/16/2019 - 15:24:24: [AMXX] To enable debug mode, add "debug" after the plugin name in plugins.ini (without quotes).
L 05/16/2019 - 15:25:19: Invalid vector string handle provided (0)
L 05/16/2019 - 15:25:19: [AMXX] Run time error 10 (plugin "QuakeSounds.amxx") (native "vformat") - debug not enabled!
L 05/16/2019 - 15:25:19: [AMXX] To enable debug mode, add "debug" after the plugin name in plugins.ini (without quotes).
L 05/16/2019 - 15:25:50: Invalid vector string handle provided (0)
L 05/16/2019 - 15:25:50: [AMXX] Run time error 10 (plugin "QuakeSounds.amxx") (native "vformat") - debug not enabled!
L 05/16/2019 - 15:25:50: [AMXX] To enable debug mode, add "debug" after the plugin name in plugins.ini (without quotes).
L 05/16/2019 - 15:26:00: Invalid vector string handle provided (0)
L 05/16/2019 - 15:26:00: [AMXX] Run time error 10 (plugin "QuakeSounds.amxx") (native "vformat") - debug not enabled!
L 05/16/2019 - 15:26:00: [AMXX] To enable debug mode, add "debug" after the plugin name in plugins.ini (without quotes).
L 05/16/2019 - 15:26:11: Invalid vector string handle provided (0)
L 05/16/2019 - 15:26:11: [AMXX] Run time error 10 (plugin "QuakeSounds.amxx") (native "vformat") - debug not enabled!
L 05/16/2019 - 15:26:11: [AMXX] To enable debug mode, add "debug" after the plugin name in plugins.ini (without quotes).
L 05/16/2019 - 15:26:27: Invalid vector string handle provided (0)
L 05/16/2019 - 15:26:27: [AMXX] Run time error 10 (plugin "QuakeSounds.amxx") (native "vformat") - debug not enabled!
L 05/16/2019 - 15:26:27: [AMXX] To enable debug mode, add "debug" after the plugin name in plugins.ini (without quotes).
L 05/16/2019 - 15:26:58: Invalid vector string handle provided (0)
L 05/16/2019 - 15:26:58: [AMXX] Run time error 10 (plugin "QuakeSounds.amxx") (native "vformat") - debug not enabled!
L 05/16/2019 - 15:26:58: [AMXX] To enable debug mode, add "debug" after the plugin name in plugins.ini (without quotes).
L 05/16/2019 - 15:27:37: Invalid vector string handle provided (0)
L 05/16/2019 - 15:27:37: [AMXX] Run time error 10 (plugin "QuakeSounds.amxx") (native "vformat") - debug not enabled!
L 05/16/2019 - 15:27:37: [AMXX] To enable debug mode, add "debug" after the plugin name in plugins.ini (without quotes).
L 05/16/2019 - 15:28:03: Invalid vector string handle provided (0)
L 05/16/2019 - 15:28:03: [AMXX] Run time error 10 (plugin "QuakeSounds.amxx") (native "vformat") - debug not enabled!
L 05/16/2019 - 15:28:03: [AMXX] To enable debug mode, add "debug" after the plugin name in plugins.ini (without quotes).
L 05/16/2019 - 15:28:41: Start of error session.
L 05/16/2019 - 15:28:41: Info (map "1hp") (file "addons/amxmodx/logs/error_20190516.log")
L 05/16/2019 - 15:28:41: [AMXX] Plugin file open error (plugin "admin_slash.amxx")
L 05/16/2019 - 15:29:15: Invalid vector string handle provided (0)
L 05/16/2019 - 15:29:15: [AMXX] Run time error 10 (plugin "QuakeSounds.amxx") (native "vformat") - debug not enabled!
L 05/16/2019 - 15:29:15: [AMXX] To enable debug mode, add "debug" after the plugin name in plugins.ini (without quotes).
L 05/16/2019 - 15:29:28: Invalid vector string handle provided (0)
L 05/16/2019 - 15:29:28: [AMXX] Run time error 10 (plugin "QuakeSounds.amxx") (native "vformat") - debug not enabled!
L 05/16/2019 - 15:29:28: [AMXX] To enable debug mode, add "debug" after the plugin name in plugins.ini (without quotes).
L 05/16/2019 - 15:29:36: Invalid vector string handle provided (0)
L 05/16/2019 - 15:29:36: [AMXX] Run time error 10 (plugin "QuakeSounds.amxx") (native "vformat") - debug not enabled!
L 05/16/2019 - 15:29:36: [AMXX] To enable debug mode, add "debug" after the plugin name in plugins.ini (without quotes).
L 05/16/2019 - 15:29:48: Invalid vector string handle provided (0)
L 05/16/2019 - 15:29:48: [AMXX] Run time error 10 (plugin "QuakeSounds.amxx") (native "vformat") - debug not enabled!
L 05/16/2019 - 15:29:48: [AMXX] To enable debug mode, add "debug" after the plugin name in plugins.ini (without quotes).
L 05/16/2019 - 15:29:49: Invalid vector string handle provided (0)
L 05/16/2019 - 15:29:49: [AMXX] Run time error 10 (plugin "QuakeSounds.amxx") (native "vformat") - debug not enabled!
L 05/16/2019 - 15:29:49: [AMXX] To enable debug mode, add "debug" after the plugin name in plugins.ini (without quotes).
L 05/16/2019 - 15:29:51: Invalid vector string handle provided (0)
L 05/16/2019 - 15:29:51: [AMXX] Run time error 10 (plugin "QuakeSounds.amxx") (native "vformat") - debug not enabled!
L 05/16/2019 - 15:29:51: [AMXX] To enable debug mode, add "debug" after the plugin name in plugins.ini (without quotes).
L 05/16/2019 - 15:30:03: Invalid vector string handle provided (0)
L 05/16/2019 - 15:30:03: [AMXX] Run time error 10 (plugin "QuakeSounds.amxx") (native "vformat") - debug not enabled!
L 05/16/2019 - 15:30:03: [AMXX] To enable debug mode, add "debug" after the plugin name in plugins.ini (without quotes).
L 05/16/2019 - 15:30:07: Invalid vector string handle provided (0)
L 05/16/2019 - 15:30:07: [AMXX] Run time error 10 (plugin "QuakeSounds.amxx") (native "vformat") - debug not enabled!
L 05/16/2019 - 15:30:07: [AMXX] To enable debug mode, add "debug" after the plugin name in plugins.ini (without quotes).
L 05/16/2019 - 15:30:19: Invalid vector string handle provided (0)
L 05/16/2019 - 15:30:19: [AMXX] Run time error 10 (plugin "QuakeSounds.amxx") (native "vformat") - debug not enabled!
L 05/16/2019 - 15:30:19: [AMXX] To enable debug mode, add "debug" after the plugin name in plugins.ini (without quotes).
L 05/16/2019 - 15:30:21: Invalid vector string handle provided (0)
L 05/16/2019 - 15:30:21: [AMXX] Run time error 10 (plugin "QuakeSounds.amxx") (native "vformat") - debug not enabled!
L 05/16/2019 - 15:30:21: [AMXX] To enable debug mode, add "debug" after the plugin name in plugins.ini (without quotes).
L 05/16/2019 - 15:30:30: Invalid vector string handle provided (0)
L 05/16/2019 - 15:30:30: [AMXX] Run time error 10 (plugin "QuakeSounds.amxx") (native "vformat") - debug not enabled!
L 05/16/2019 - 15:30:30: [AMXX] To enable debug mode, add "debug" after the plugin name in plugins.ini (without quotes).
L 05/16/2019 - 15:30:34: Invalid vector string handle provided (0)
L 05/16/2019 - 15:30:34: [AMXX] Run time error 10 (plugin "QuakeSounds.amxx") (native "vformat") - debug not enabled!
L 05/16/2019 - 15:30:34: [AMXX] To enable debug mode, add "debug" after the plugin name in plugins.ini (without quotes).
L 05/16/2019 - 15:30:43: Invalid vector string handle provided (0)
L 05/16/2019 - 15:30:43: [AMXX] Run time error 10 (plugin "QuakeSounds.amxx") (native "vformat") - debug not enabled!
L 05/16/2019 - 15:30:43: [AMXX] To enable debug mode, add "debug" after the plugin name in plugins.ini (without quotes).
L 05/16/2019 - 15:30:47: Invalid vector string handle provided (0)
L 05/16/2019 - 15:30:47: [AMXX] Run time error 10 (plugin "QuakeSounds.amxx") (native "vformat") - debug not enabled!
L 05/16/2019 - 15:30:47: [AMXX] To enable debug mode, add "debug" after the plugin name in plugins.ini (without quotes).
L 05/16/2019 - 15:30:57: Invalid vector string handle provided (0)
L 05/16/2019 - 15:30:57: [AMXX] Run time error 10 (plugin "QuakeSounds.amxx") (native "vformat") - debug not enabled!
L 05/16/2019 - 15:30:57: [AMXX] To enable debug mode, add "debug" after the plugin name in plugins.ini (without quotes).
L 05/16/2019 - 15:31:00: Invalid vector string handle provided (0)
L 05/16/2019 - 15:31:00: [AMXX] Run time error 10 (plugin "QuakeSounds.amxx") (native "vformat") - debug not enabled!
L 05/16/2019 - 15:31:00: [AMXX] To enable debug mode, add "debug" after the plugin name in plugins.ini (without quotes).
L 05/16/2019 - 15:31:03: Invalid vector string handle provided (0)
L 05/16/2019 - 15:31:03: [AMXX] Run time error 10 (plugin "QuakeSounds.amxx") (native "vformat") - debug not enabled!
L 05/16/2019 - 15:31:03: [AMXX] To enable debug mode, add "debug" after the plugin name in plugins.ini (without quotes).
L 05/16/2019 - 15:31:11: Invalid vector string handle provided (0)
L 05/16/2019 - 15:31:11: [AMXX] Run time error 10 (plugin "QuakeSounds.amxx") (native "vformat") - debug not enabled!
L 05/16/2019 - 15:31:11: [AMXX] To enable debug mode, add "debug" after the plugin name in plugins.ini (without quotes).
L 05/16/2019 - 15:31:13: Invalid vector string handle provided (0)
L 05/16/2019 - 15:31:13: [AMXX] Run time error 10 (plugin "QuakeSounds.amxx") (native "vformat") - debug not enabled!
L 05/16/2019 - 15:31:13: [AMXX] To enable debug mode, add "debug" after the plugin name in plugins.ini (without quotes).
L 05/16/2019 - 15:31:18: Invalid vector string handle provided (0)
L 05/16/2019 - 15:31:18: [AMXX] Run time error 10 (plugin "QuakeSounds.amxx") (native "vformat") - debug not enabled!
L 05/16/2019 - 15:31:18: [AMXX] To enable debug mode, add "debug" after the plugin name in plugins.ini (without quotes).
L 05/16/2019 - 15:31:30: Invalid vector string handle provided (0)
L 05/16/2019 - 15:31:30: [AMXX] Run time error 10 (plugin "QuakeSounds.amxx") (native "vformat") - debug not enabled!
L 05/16/2019 - 15:31:30: [AMXX] To enable debug mode, add "debug" after the plugin name in plugins.ini (without quotes).
L 05/16/2019 - 15:31:33: Invalid vector string handle provided (0)
L 05/16/2019 - 15:31:33: [AMXX] Run time error 10 (plugin "QuakeSounds.amxx") (native "vformat") - debug not enabled!
L 05/16/2019 - 15:31:33: [AMXX] To enable debug mode, add "debug" after the plugin name in plugins.ini (without quotes).
L 05/16/2019 - 15:31:46: Invalid vector string handle provided (0)
L 05/16/2019 - 15:31:46: [AMXX] Run time error 10 (plugin "QuakeSounds.amxx") (native "vformat") - debug not enabled!
L 05/16/2019 - 15:31:46: [AMXX] To enable debug mode, add "debug" after the plugin name in plugins.ini (without quotes).
L 05/16/2019 - 15:31:58: Invalid vector string handle provided (0)
L 05/16/2019 - 15:31:58: [AMXX] Run time error 10 (plugin "QuakeSounds.amxx") (native "vformat") - debug not enabled!
L 05/16/2019 - 15:31:58: [AMXX] To enable debug mode, add "debug" after the plugin name in plugins.ini (without quotes).
L 05/16/2019 - 15:32:12: Invalid vector string handle provided (0)
L 05/16/2019 - 15:32:12: [AMXX] Run time error 10 (plugin "QuakeSounds.amxx") (native "vformat") - debug not enabled!
L 05/16/2019 - 15:32:12: [AMXX] To enable debug mode, add "debug" after the plugin name in plugins.ini (without quotes).
L 05/16/2019 - 15:32:13: Invalid vector string handle provided (0)
L 05/16/2019 - 15:32:13: [AMXX] Run time error 10 (plugin "QuakeSounds.amxx") (native "vformat") - debug not enabled!
L 05/16/2019 - 15:32:13: [AMXX] To enable debug mode, add "debug" after the plugin name in plugins.ini (without quotes).
L 05/16/2019 - 15:32:14: Invalid vector string handle provided (0)
L 05/16/2019 - 15:32:14: [AMXX] Run time error 10 (plugin "QuakeSounds.amxx") (native "vformat") - debug not enabled!
L 05/16/2019 - 15:32:14: [AMXX] To enable debug mode, add "debug" after the plugin name in plugins.ini (without quotes).
L 05/16/2019 - 15:32:25: Invalid vector string handle provided (0)
L 05/16/2019 - 15:32:25: [AMXX] Run time error 10 (plugin "QuakeSounds.amxx") (native "vformat") - debug not enabled!
L 05/16/2019 - 15:32:25: [AMXX] To enable debug mode, add "debug" after the plugin name in plugins.ini (without quotes).
L 05/16/2019 - 15:32:36: Invalid vector string handle provided (0)
L 05/16/2019 - 15:32:36: [AMXX] Run time error 10 (plugin "QuakeSounds.amxx") (native "vformat") - debug not enabled!
L 05/16/2019 - 15:32:36: [AMXX] To enable debug mode, add "debug" after the plugin name in plugins.ini (without quotes).
L 05/16/2019 - 15:32:39: Invalid vector string handle provided (0)
L 05/16/2019 - 15:32:39: [AMXX] Run time error 10 (plugin "QuakeSounds.amxx") (native "vformat") - debug not enabled!
L 05/16/2019 - 15:32:39: [AMXX] To enable debug mode, add "debug" after the plugin name in plugins.ini (without quotes).
L 05/16/2019 - 15:32:41: Invalid vector string handle provided (0)
L 05/16/2019 - 15:32:41: [AMXX] Run time error 10 (plugin "QuakeSounds.amxx") (native "vformat") - debug not enabled!
L 05/16/2019 - 15:32:41: [AMXX] To enable debug mode, add "debug" after the plugin name in plugins.ini (without quotes).
L 05/16/2019 - 15:32:43: Invalid vector string handle provided (0)
L 05/16/2019 - 15:32:43: [AMXX] Run time error 10 (plugin "QuakeSounds.amxx") (native "vformat") - debug not enabled!
L 05/16/2019 - 15:32:43: [AMXX] To enable debug mode, add "debug" after the plugin name in plugins.ini (without quotes).
L 05/16/2019 - 15:32:56: Invalid vector string handle provided (0)
L 05/16/2019 - 15:32:56: [AMXX] Run time error 10 (plugin "QuakeSounds.amxx") (native "vformat") - debug not enabled!
L 05/16/2019 - 15:32:56: [AMXX] To enable debug mode, add "debug" after the plugin name in plugins.ini (without quotes).
L 05/16/2019 - 15:33:03: Invalid vector string handle provided (0)
L 05/16/2019 - 15:33:03: [AMXX] Run time error 10 (plugin "QuakeSounds.amxx") (native "vformat") - debug not enabled!
L 05/16/2019 - 15:33:03: [AMXX] To enable debug mode, add "debug" after the plugin name in plugins.ini (without quotes).
L 05/16/2019 - 15:33:04: Invalid vector string handle provided (0)
L 05/16/2019 - 15:33:04: [AMXX] Run time error 10 (plugin "QuakeSounds.amxx") (native "vformat") - debug not enabled!
L 05/16/2019 - 15:33:04: [AMXX] To enable debug mode, add "debug" after the plugin name in plugins.ini (without quotes).
L 05/16/2019 - 15:33:05: Invalid vector string handle provided (0)
L 05/16/2019 - 15:33:05: [AMXX] Run time error 10 (plugin "QuakeSounds.amxx") (native "vformat") - debug not enabled!
L 05/16/2019 - 15:33:05: [AMXX] To enable debug mode, add "debug" after the plugin name in plugins.ini (without quotes).
L 05/16/2019 - 15:33:16: Invalid vector string handle provided (0)
L 05/16/2019 - 15:33:16: [AMXX] Run time error 10 (plugin "QuakeSounds.amxx") (native "vformat") - debug not enabled!
L 05/16/2019 - 15:33:16: [AMXX] To enable debug mode, add "debug" after the plugin name in plugins.ini (without quotes).
L 05/16/2019 - 15:33:19: Invalid vector string handle provided (0)
L 05/16/2019 - 15:33:19: [AMXX] Run time error 10 (plugin "QuakeSounds.amxx") (native "vformat") - debug not enabled!
L 05/16/2019 - 15:33:19: [AMXX] To enable debug mode, add "debug" after the plugin name in plugins.ini (without quotes).
L 05/16/2019 - 15:33:28: Invalid vector string handle provided (0)
L 05/16/2019 - 15:33:28: [AMXX] Run time error 10 (plugin "QuakeSounds.amxx") (native "vformat") - debug not enabled!
L 05/16/2019 - 15:33:28: [AMXX] To enable debug mode, add "debug" after the plugin name in plugins.ini (without quotes).
L 05/16/2019 - 15:33:28: Invalid vector string handle provided (0)
L 05/16/2019 - 15:33:28: [AMXX] Run time error 10 (plugin "QuakeSounds.amxx") (native "vformat") - debug not enabled!
L 05/16/2019 - 15:33:28: [AMXX] To enable debug mode, add "debug" after the plugin name in plugins.ini (without quotes).
L 05/16/2019 - 15:33:40: Invalid vector string handle provided (0)
L 05/16/2019 - 15:33:40: [AMXX] Run time error 10 (plugin "QuakeSounds.amxx") (native "vformat") - debug not enabled!
L 05/16/2019 - 15:33:40: [AMXX] To enable debug mode, add "debug" after the plugin name in plugins.ini (without quotes).
L 05/16/2019 - 15:33:43: Invalid vector string handle provided (0)
L 05/16/2019 - 15:33:43: [AMXX] Run time error 10 (plugin "QuakeSounds.amxx") (native "vformat") - debug not enabled!
L 05/16/2019 - 15:33:43: [AMXX] To enable debug mode, add "debug" after the plugin name in plugins.ini (without quotes).
L 05/16/2019 - 15:33:45: Invalid vector string handle provided (0)
L 05/16/2019 - 15:33:45: [AMXX] Run time error 10 (plugin "QuakeSounds.amxx") (native "vformat") - debug not enabled!
L 05/16/2019 - 15:33:45: [AMXX] To enable debug mode, add "debug" after the plugin name in plugins.ini (without quotes).
L 05/16/2019 - 15:34:00: Invalid vector string handle provided (0)
L 05/16/2019 - 15:34:00: [AMXX] Run time error 10 (plugin "QuakeSounds.amxx") (native "vformat") - debug not enabled!
L 05/16/2019 - 15:34:00: [AMXX] To enable debug mode, add "debug" after the plugin name in plugins.ini (without quotes).
L 05/16/2019 - 15:34:02: Invalid vector string handle provided (0)
L 05/16/2019 - 15:34:02: [AMXX] Run time error 10 (plugin "QuakeSounds.amxx") (native "vformat") - debug not enabled!
L 05/16/2019 - 15:34:02: [AMXX] To enable debug mode, add "debug" after the plugin name in plugins.ini (without quotes).
L 05/16/2019 - 15:34:05: Invalid vector string handle provided (0)
L 05/16/2019 - 15:34:05: [AMXX] Run time error 10 (plugin "QuakeSounds.amxx") (native "vformat") - debug not enabled!
L 05/16/2019 - 15:34:05: [AMXX] To enable debug mode, add "debug" after the plugin name in plugins.ini (without quotes).
L 05/16/2019 - 15:34:13: Invalid vector string handle provided (0)
L 05/16/2019 - 15:34:13: [AMXX] Run time error 10 (plugin "QuakeSounds.amxx") (native "vformat") - debug not enabled!
L 05/16/2019 - 15:34:13: [AMXX] To enable debug mode, add "debug" after the plugin name in plugins.ini (without quotes).
L 05/16/2019 - 15:34:18: Invalid vector string handle provided (0)
L 05/16/2019 - 15:34:18: [AMXX] Run time error 10 (plugin "QuakeSounds.amxx") (native "vformat") - debug not enabled!
L 05/16/2019 - 15:34:18: [AMXX] To enable debug mode, add "debug" after the plugin name in plugins.ini (without quotes).
L 05/16/2019 - 15:34:23: Invalid vector string handle provided (0)
L 05/16/2019 - 15:34:23: [AMXX] Run time error 10 (plugin "QuakeSounds.amxx") (native "vformat") - debug not enabled!
L 05/16/2019 - 15:34:23: [AMXX] To enable debug mode, add "debug" after the plugin name in plugins.ini (without quotes).
L 05/16/2019 - 15:34:37: Invalid vector string handle provided (0)
L 05/16/2019 - 15:34:37: [AMXX] Run time error 10 (plugin "QuakeSounds.amxx") (native "vformat") - debug not enabled!
L 05/16/2019 - 15:34:37: [AMXX] To enable debug mode, add "debug" after the plugin name in plugins.ini (without quotes).
L 05/16/2019 - 15:34:41: Invalid vector string handle provided (0)
L 05/16/2019 - 15:34:41: [AMXX] Run time error 10 (plugin "QuakeSounds.amxx") (native "vformat") - debug not enabled!
L 05/16/2019 - 15:34:41: [AMXX] To enable debug mode, add "debug" after the plugin name in plugins.ini (without quotes).
L 05/16/2019 - 15:34:43: Invalid vector string handle provided (0)
L 05/16/2019 - 15:34:43: [AMXX] Run time error 10 (plugin "QuakeSounds.amxx") (native "vformat") - debug not enabled!
L 05/16/2019 - 15:34:43: [AMXX] To enable debug mode, add "debug" after the plugin name in plugins.ini (without quotes).
L 05/16/2019 - 15:34:57: Invalid vector string handle provided (0)
L 05/16/2019 - 15:34:57: [AMXX] Run time error 10 (plugin "QuakeSounds.amxx") (native "vformat") - debug not enabled!
L 05/16/2019 - 15:34:57: [AMXX] To enable debug mode, add "debug" after the plugin name in plugins.ini (without quotes).
L 05/16/2019 - 15:34:57: Invalid vector string handle provided (0)
L 05/16/2019 - 15:34:57: [AMXX] Run time error 10 (plugin "QuakeSounds.amxx") (native "vformat") - debug not enabled!
L 05/16/2019 - 15:34:57: [AMXX] To enable debug mode, add "debug" after the plugin name in plugins.ini (without quotes).
L 05/16/2019 - 15:35:09: Invalid vector string handle provided (0)
L 05/16/2019 - 15:35:09: [AMXX] Run time error 10 (plugin "QuakeSounds.amxx") (native "vformat") - debug not enabled!
L 05/16/2019 - 15:35:09: [AMXX] To enable debug mode, add "debug" after the plugin name in plugins.ini (without quotes).
L 05/16/2019 - 15:35:09: Invalid vector string handle provided (0)
L 05/16/2019 - 15:35:10: [AMXX] Run time error 10 (plugin "QuakeSounds.amxx") (native "vformat") - debug not enabled!
L 05/16/2019 - 15:35:10: [AMXX] To enable debug mode, add "debug" after the plugin name in plugins.ini (without quotes).
L 05/16/2019 - 15:35:10: Invalid vector string handle provided (0)
L 05/16/2019 - 15:35:10: [AMXX] Run time error 10 (plugin "QuakeSounds.amxx") (native "vformat") - debug not enabled!
L 05/16/2019 - 15:35:10: [AMXX] To enable debug mode, add "debug" after the plugin name in plugins.ini (without quotes).
L 05/16/2019 - 15:35:13: Invalid vector string handle provided (0)
L 05/16/2019 - 15:35:13: [AMXX] Run time error 10 (plugin "QuakeSounds.amxx") (native "vformat") - debug not enabled!
L 05/16/2019 - 15:35:13: [AMXX] To enable debug mode, add "debug" after the plugin name in plugins.ini (without quotes).
L 05/16/2019 - 15:35:23: Invalid vector string handle provided (0)
L 05/16/2019 - 15:35:23: [AMXX] Run time error 10 (plugin "QuakeSounds.amxx") (native "vformat") - debug not enabled!
L 05/16/2019 - 15:35:23: [AMXX] To enable debug mode, add "debug" after the plugin name in plugins.ini (without quotes).
L 05/16/2019 - 15:35:26: Invalid vector string handle provided (0)
L 05/16/2019 - 15:35:26: [AMXX] Run time error 10 (plugin "QuakeSounds.amxx") (native "vformat") - debug not enabled!
L 05/16/2019 - 15:35:26: [AMXX] To enable debug mode, add "debug" after the plugin name in plugins.ini (without quotes).
L 05/16/2019 - 15:35:29: Invalid vector string handle provided (0)
L 05/16/2019 - 15:35:29: [AMXX] Run time error 10 (plugin "QuakeSounds.amxx") (native "vformat") - debug not enabled!
L 05/16/2019 - 15:35:29: [AMXX] To enable debug mode, add "debug" after the plugin name in plugins.ini (without quotes).
L 05/16/2019 - 15:35:40: Invalid vector string handle provided (0)
L 05/16/2019 - 15:35:40: [AMXX] Run time error 10 (plugin "QuakeSounds.amxx") (native "vformat") - debug not enabled!
L 05/16/2019 - 15:35:40: [AMXX] To enable debug mode, add "debug" after the plugin name in plugins.ini (without quotes).
L 05/16/2019 - 15:35:42: Invalid vector string handle provided (0)
L 05/16/2019 - 15:35:42: [AMXX] Run time error 10 (plugin "QuakeSounds.amxx") (native "vformat") - debug not enabled!
L 05/16/2019 - 15:35:42: [AMXX] To enable debug mode, add "debug" after the plugin name in plugins.ini (without quotes).
L 05/16/2019 - 15:35:45: Invalid vector string handle provided (0)
L 05/16/2019 - 15:35:45: [AMXX] Run time error 10 (plugin "QuakeSounds.amxx") (native "vformat") - debug not enabled!
L 05/16/2019 - 15:35:45: [AMXX] To enable debug mode, add "debug" after the plugin name in plugins.ini (without quotes).
L 05/16/2019 - 15:35:48: Invalid vector string handle provided (0)
L 05/16/2019 - 15:35:48: [AMXX] Run time error 10 (plugin "QuakeSounds.amxx") (native "vformat") - debug not enabled!
L 05/16/2019 - 15:35:48: [AMXX] To enable debug mode, add "debug" after the plugin name in plugins.ini (without quotes).
L 05/16/2019 - 15:35:50: Invalid vector string handle provided (0)
L 05/16/2019 - 15:35:50: [AMXX] Run time error 10 (plugin "QuakeSounds.amxx") (native "vformat") - debug not enabled!
L 05/16/2019 - 15:35:50: [AMXX] To enable debug mode, add "debug" after the plugin name in plugins.ini (without quotes).
L 05/16/2019 - 15:36:02: Invalid vector string handle provided (0)
L 05/16/2019 - 15:36:02: [AMXX] Run time error 10 (plugin "QuakeSounds.amxx") (native "vformat") - debug not enabled!
L 05/16/2019 - 15:36:02: [AMXX] To enable debug mode, add "debug" after the plugin name in plugins.ini (without quotes).
L 05/16/2019 - 15:36:06: Invalid vector string handle provided (0)
L 05/16/2019 - 15:36:06: [AMXX] Run time error 10 (plugin "QuakeSounds.amxx") (native "vformat") - debug not enabled!
L 05/16/2019 - 15:36:06: [AMXX] To enable debug mode, add "debug" after the plugin name in plugins.ini (without quotes).
L 05/16/2019 - 15:36:07: Invalid vector string handle provided (0)
L 05/16/2019 - 15:36:07: [AMXX] Run time error 10 (plugin "QuakeSounds.amxx") (native "vformat") - debug not enabled!
L 05/16/2019 - 15:36:07: [AMXX] To enable debug mode, add "debug" after the plugin name in plugins.ini (without quotes).
L 05/16/2019 - 15:36:08: Invalid vector string handle provided (0)
L 05/16/2019 - 15:36:08: [AMXX] Run time error 10 (plugin "QuakeSounds.amxx") (native "vformat") - debug not enabled!
L 05/16/2019 - 15:36:08: [AMXX] To enable debug mode, add "debug" after the plugin name in plugins.ini (without quotes).
L 05/16/2019 - 15:36:18: Invalid vector string handle provided (0)
L 05/16/2019 - 15:36:18: [AMXX] Run time error 10 (plugin "QuakeSounds.amxx") (native "vformat") - debug not enabled!
L 05/16/2019 - 15:36:18: [AMXX] To enable debug mode, add "debug" after the plugin name in plugins.ini (without quotes).
L 05/16/2019 - 15:36:21: Invalid vector string handle provided (0)
L 05/16/2019 - 15:36:21: [AMXX] Run time error 10 (plugin "QuakeSounds.amxx") (native "vformat") - debug not enabled!
L 05/16/2019 - 15:36:21: [AMXX] To enable debug mode, add "debug" after the plugin name in plugins.ini (without quotes).
L 05/16/2019 - 15:36:30: Invalid vector string handle provided (0)
L 05/16/2019 - 15:36:30: [AMXX] Run time error 10 (plugin "QuakeSounds.amxx") (native "vformat") - debug not enabled!
L 05/16/2019 - 15:36:30: [AMXX] To enable debug mode, add "debug" after the plugin name in plugins.ini (without quotes).
L 05/16/2019 - 15:36:41: Invalid vector string handle provided (0)
L 05/16/2019 - 15:36:41: [AMXX] Run time error 10 (plugin "QuakeSounds.amxx") (native "vformat") - debug not enabled!
L 05/16/2019 - 15:36:41: [AMXX] To enable debug mode, add "debug" after the plugin name in plugins.ini (without quotes).
L 05/16/2019 - 15:36:53: Invalid vector string handle provided (0)
L 05/16/2019 - 15:36:53: [AMXX] Run time error 10 (plugin "QuakeSounds.amxx") (native "vformat") - debug not enabled!
L 05/16/2019 - 15:36:53: [AMXX] To enable debug mode, add "debug" after the plugin name in plugins.ini (without quotes).
L 05/16/2019 - 15:37:01: Invalid vector string handle provided (0)
L 05/16/2019 - 15:37:01: [AMXX] Run time error 10 (plugin "QuakeSounds.amxx") (native "vformat") - debug not enabled!
L 05/16/2019 - 15:37:01: [AMXX] To enable debug mode, add "debug" after the plugin name in plugins.ini (without quotes).
L 05/16/2019 - 15:37:04: Invalid vector string handle provided (0)
L 05/16/2019 - 15:37:04: [AMXX] Run time error 10 (plugin "QuakeSounds.amxx") (native "vformat") - debug not enabled!
L 05/16/2019 - 15:37:04: [AMXX] To enable debug mode, add "debug" after the plugin name in plugins.ini (without quotes).
L 05/16/2019 - 15:37:15: Invalid vector string handle provided (0)
L 05/16/2019 - 15:37:15: [AMXX] Run time error 10 (plugin "QuakeSounds.amxx") (native "vformat") - debug not enabled!
L 05/16/2019 - 15:37:15: [AMXX] To enable debug mode, add "debug" after the plugin name in plugins.ini (without quotes).
L 05/16/2019 - 15:37:19: Invalid vector string handle provided (0)
L 05/16/2019 - 15:37:19: [AMXX] Run time error 10 (plugin "QuakeSounds.amxx") (native "vformat") - debug not enabled!
L 05/16/2019 - 15:37:19: [AMXX] To enable debug mode, add "debug" after the plugin name in plugins.ini (without quotes).
L 05/16/2019 - 15:37:20: Invalid vector string handle provided (0)
L 05/16/2019 - 15:37:20: [AMXX] Run time error 10 (plugin "QuakeSounds.amxx") (native "vformat") - debug not enabled!
L 05/16/2019 - 15:37:20: [AMXX] To enable debug mode, add "debug" after the plugin name in plugins.ini (without quotes).
L 05/16/2019 - 15:37:29: Invalid vector string handle provided (0)
L 05/16/2019 - 15:37:29: [AMXX] Run time error 10 (plugin "QuakeSounds.amxx") (native "vformat") - debug not enabled!
L 05/16/2019 - 15:37:29: [AMXX] To enable debug mode, add "debug" after the plugin name in plugins.ini (without quotes).
L 05/16/2019 - 15:37:38: Invalid vector string handle provided (0)
L 05/16/2019 - 15:37:38: [AMXX] Run time error 10 (plugin "QuakeSounds.amxx") (native "vformat") - debug not enabled!
L 05/16/2019 - 15:37:38: [AMXX] To enable debug mode, add "debug" after the plugin name in plugins.ini (without quotes).
L 05/16/2019 - 15:37:46: Invalid vector string handle provided (0)
L 05/16/2019 - 15:37:46: [AMXX] Run time error 10 (plugin "QuakeSounds.amxx") (native "vformat") - debug not enabled!
L 05/16/2019 - 15:37:46: [AMXX] To enable debug mode, add "debug" after the plugin name in plugins.ini (without quotes).
L 05/16/2019 - 15:37:54: Invalid vector string handle provided (0)
L 05/16/2019 - 15:37:54: [AMXX] Run time error 10 (plugin "QuakeSounds.amxx") (native "vformat") - debug not enabled!
L 05/16/2019 - 15:37:54: [AMXX] To enable debug mode, add "debug" after the plugin name in plugins.ini (without quotes).
L 05/16/2019 - 15:38:03: Invalid vector string handle provided (0)
L 05/16/2019 - 15:38:03: [AMXX] Run time error 10 (plugin "QuakeSounds.amxx") (native "vformat") - debug not enabled!
L 05/16/2019 - 15:38:03: [AMXX] To enable debug mode, add "debug" after the plugin name in plugins.ini (without quotes).
L 05/16/2019 - 15:38:05: Invalid vector string handle provided (0)
L 05/16/2019 - 15:38:05: [AMXX] Run time error 10 (plugin "QuakeSounds.amxx") (native "vformat") - debug not enabled!
L 05/16/2019 - 15:38:05: [AMXX] To enable debug mode, add "debug" after the plugin name in plugins.ini (without quotes).
L 05/16/2019 - 15:38:17: Invalid vector string handle provided (0)
L 05/16/2019 - 15:38:17: [AMXX] Run time error 10 (plugin "QuakeSounds.amxx") (native "vformat") - debug not enabled!
L 05/16/2019 - 15:38:17: [AMXX] To enable debug mode, add "debug" after the plugin name in plugins.ini (without quotes).
L 05/16/2019 - 15:38:19: Invalid vector string handle provided (0)
L 05/16/2019 - 15:38:19: [AMXX] Run time error 10 (plugin "QuakeSounds.amxx") (native "vformat") - debug not enabled!
L 05/16/2019 - 15:38:19: [AMXX] To enable debug mode, add "debug" after the plugin name in plugins.ini (without quotes).
L 05/16/2019 - 15:38:21: Invalid vector string handle provided (0)
L 05/16/2019 - 15:38:21: [AMXX] Run time error 10 (plugin "QuakeSounds.amxx") (native "vformat") - debug not enabled!
L 05/16/2019 - 15:38:21: [AMXX] To enable debug mode, add "debug" after the plugin name in plugins.ini (without quotes).
L 05/16/2019 - 15:38:36: Start of error session.
L 05/16/2019 - 15:38:36: Info (map "de_dust2_2x2") (file "addons/amxmodx/logs/error_20190516.log")
L 05/16/2019 - 15:38:36: [AMXX] Plugin file open error (plugin "admin_slash.amxx")
L 05/16/2019 - 15:40:12: Invalid vector string handle provided (0)
L 05/16/2019 - 15:40:12: [AMXX] Run time error 10 (plugin "QuakeSounds.amxx") (native "vformat") - debug not enabled!
L 05/16/2019 - 15:40:12: [AMXX] To enable debug mode, add "debug" after the plugin name in plugins.ini (without quotes).
L 05/16/2019 - 15:40:45: Invalid vector string handle provided (0)
L 05/16/2019 - 15:40:45: [AMXX] Run time error 10 (plugin "QuakeSounds.amxx") (native "vformat") - debug not enabled!
L 05/16/2019 - 15:40:45: [AMXX] To enable debug mode, add "debug" after the plugin name in plugins.ini (without quotes).
L 05/16/2019 - 15:42:04: Invalid vector string handle provided (0)
L 05/16/2019 - 15:42:04: [AMXX] Run time error 10 (plugin "QuakeSounds.amxx") (native "vformat") - debug not enabled!
L 05/16/2019 - 15:42:04: [AMXX] To enable debug mode, add "debug" after the plugin name in plugins.ini (without quotes).
L 05/16/2019 - 15:42:19: Invalid vector string handle provided (0)
L 05/16/2019 - 15:42:19: [AMXX] Run time error 10 (plugin "QuakeSounds.amxx") (native "vformat") - debug not enabled!
L 05/16/2019 - 15:42:19: [AMXX] To enable debug mode, add "debug" after the plugin name in plugins.ini (without quotes).
L 05/16/2019 - 15:44:21: Invalid vector string handle provided (0)
L 05/16/2019 - 15:44:21: [AMXX] Run time error 10 (plugin "QuakeSounds.amxx") (native "vformat") - debug not enabled!
L 05/16/2019 - 15:44:21: [AMXX] To enable debug mode, add "debug" after the plugin name in plugins.ini (without quotes).
L 05/16/2019 - 15:45:25: Invalid vector string handle provided (0)
L 05/16/2019 - 15:45:25: [AMXX] Run time error 10 (plugin "QuakeSounds.amxx") (native "vformat") - debug not enabled!
L 05/16/2019 - 15:45:25: [AMXX] To enable debug mode, add "debug" after the plugin name in plugins.ini (without quotes).
L 05/16/2019 - 15:45:32: Invalid vector string handle provided (0)
L 05/16/2019 - 15:45:32: [AMXX] Run time error 10 (plugin "QuakeSounds.amxx") (native "vformat") - debug not enabled!
L 05/16/2019 - 15:45:32: [AMXX] To enable debug mode, add "debug" after the plugin name in plugins.ini (without quotes).
L 05/16/2019 - 15:46:41: Invalid vector string handle provided (0)
L 05/16/2019 - 15:46:41: [AMXX] Run time error 10 (plugin "QuakeSounds.amxx") (native "vformat") - debug not enabled!
L 05/16/2019 - 15:46:41: [AMXX] To enable debug mode, add "debug" after the plugin name in plugins.ini (without quotes).
L 05/16/2019 - 15:47:16: Invalid vector string handle provided (0)
L 05/16/2019 - 15:47:16: [AMXX] Run time error 10 (plugin "QuakeSounds.amxx") (native "vformat") - debug not enabled!
L 05/16/2019 - 15:47:16: [AMXX] To enable debug mode, add "debug" after the plugin name in plugins.ini (without quotes).
L 05/16/2019 - 15:47:39: Invalid vector string handle provided (0)
L 05/16/2019 - 15:47:39: [AMXX] Run time error 10 (plugin "QuakeSounds.amxx") (native "vformat") - debug not enabled!
L 05/16/2019 - 15:47:39: [AMXX] To enable debug mode, add "debug" after the plugin name in plugins.ini (without quotes).
L 05/16/2019 - 15:48:11: Invalid vector string handle provided (0)
L 05/16/2019 - 15:48:11: [AMXX] Run time error 10 (plugin "QuakeSounds.amxx") (native "vformat") - debug not enabled!
L 05/16/2019 - 15:48:11: [AMXX] To enable debug mode, add "debug" after the plugin name in plugins.ini (without quotes).
L 05/16/2019 - 15:48:56: Invalid vector string handle provided (0)
L 05/16/2019 - 15:48:56: [AMXX] Run time error 10 (plugin "QuakeSounds.amxx") (native "vformat") - debug not enabled!
L 05/16/2019 - 15:48:56: [AMXX] To enable debug mode, add "debug" after the plugin name in plugins.ini (without quotes).
L 05/16/2019 - 15:50:09: Invalid vector string handle provided (0)
L 05/16/2019 - 15:50:09: [AMXX] Run time error 10 (plugin "QuakeSounds.amxx") (native "vformat") - debug not enabled!
L 05/16/2019 - 15:50:09: [AMXX] To enable debug mode, add "debug" after the plugin name in plugins.ini (without quotes).
L 05/16/2019 - 15:51:20: Invalid vector string handle provided (0)
L 05/16/2019 - 15:51:20: [AMXX] Run time error 10 (plugin "QuakeSounds.amxx") (native "vformat") - debug not enabled!
L 05/16/2019 - 15:51:20: [AMXX] To enable debug mode, add "debug" after the plugin name in plugins.ini (without quotes).
L 05/16/2019 - 15:52:03: Invalid vector string handle provided (0)
L 05/16/2019 - 15:52:03: [AMXX] Run time error 10 (plugin "QuakeSounds.amxx") (native "vformat") - debug not enabled!
L 05/16/2019 - 15:52:03: [AMXX] To enable debug mode, add "debug" after the plugin name in plugins.ini (without quotes).
L 05/16/2019 - 15:52:07: Invalid vector string handle provided (0)
L 05/16/2019 - 15:52:07: [AMXX] Run time error 10 (plugin "QuakeSounds.amxx") (native "vformat") - debug not enabled!
L 05/16/2019 - 15:52:07: [AMXX] To enable debug mode, add "debug" after the plugin name in plugins.ini (without quotes).
L 05/16/2019 - 15:53:26: Invalid vector string handle provided (0)
L 05/16/2019 - 15:53:26: [AMXX] Run time error 10 (plugin "QuakeSounds.amxx") (native "vformat") - debug not enabled!
L 05/16/2019 - 15:53:26: [AMXX] To enable debug mode, add "debug" after the plugin name in plugins.ini (without quotes).
L 05/16/2019 - 15:53:50: Invalid vector string handle provided (0)
L 05/16/2019 - 15:53:50: [AMXX] Run time error 10 (plugin "QuakeSounds.amxx") (native "vformat") - debug not enabled!
L 05/16/2019 - 15:53:50: [AMXX] To enable debug mode, add "debug" after the plugin name in plugins.ini (without quotes).
L 05/16/2019 - 15:56:24: Invalid vector string handle provided (0)
L 05/16/2019 - 15:56:24: [AMXX] Run time error 10 (plugin "QuakeSounds.amxx") (native "vformat") - debug not enabled!
L 05/16/2019 - 15:56:24: [AMXX] To enable debug mode, add "debug" after the plugin name in plugins.ini (without quotes).
L 05/16/2019 - 15:57:05: Invalid vector string handle provided (0)
L 05/16/2019 - 15:57:05: [AMXX] Run time error 10 (plugin "QuakeSounds.amxx") (native "vformat") - debug not enabled!
L 05/16/2019 - 15:57:05: [AMXX] To enable debug mode, add "debug" after the plugin name in plugins.ini (without quotes).
L 05/16/2019 - 15:58:28: Invalid vector string handle provided (0)
L 05/16/2019 - 15:58:28: [AMXX] Run time error 10 (plugin "QuakeSounds.amxx") (native "vformat") - debug not enabled!
L 05/16/2019 - 15:58:28: [AMXX] To enable debug mode, add "debug" after the plugin name in plugins.ini (without quotes).
L 05/16/2019 - 15:58:50: Invalid vector string handle provided (0)
L 05/16/2019 - 15:58:50: [AMXX] Run time error 10 (plugin "QuakeSounds.amxx") (native "vformat") - debug not enabled!
L 05/16/2019 - 15:58:50: [AMXX] To enable debug mode, add "debug" after the plugin name in plugins.ini (without quotes).
L 05/16/2019 - 15:59:28: Start of error session.
L 05/16/2019 - 15:59:28: Info (map "$1000$") (file "addons/amxmodx/logs/error_20190516.log")
L 05/16/2019 - 15:59:28: [AMXX] Plugin file open error (plugin "admin_slash.amxx")
L 05/16/2019 - 15:59:49: Invalid vector string handle provided (0)
L 05/16/2019 - 15:59:49: [AMXX] Run time error 10 (plugin "QuakeSounds.amxx") (native "vformat") - debug not enabled!
L 05/16/2019 - 15:59:49: [AMXX] To enable debug mode, add "debug" after the plugin name in plugins.ini (without quotes).
L 05/16/2019 - 16:00:41: Invalid vector string handle provided (0)
L 05/16/2019 - 16:00:41: [AMXX] Run time error 10 (plugin "QuakeSounds.amxx") (native "vformat") - debug not enabled!
L 05/16/2019 - 16:00:41: [AMXX] To enable debug mode, add "debug" after the plugin name in plugins.ini (without quotes).
L 05/16/2019 - 16:00:50: Invalid vector string handle provided (0)
L 05/16/2019 - 16:00:50: [AMXX] Run time error 10 (plugin "QuakeSounds.amxx") (native "vformat") - debug not enabled!
L 05/16/2019 - 16:00:50: [AMXX] To enable debug mode, add "debug" after the plugin name in plugins.ini (without quotes).
L 05/16/2019 - 16:01:06: Invalid vector string handle provided (0)
L 05/16/2019 - 16:01:06: [AMXX] Run time error 10 (plugin "QuakeSounds.amxx") (native "vformat") - debug not enabled!
L 05/16/2019 - 16:01:06: [AMXX] To enable debug mode, add "debug" after the plugin name in plugins.ini (without quotes).
L 05/16/2019 - 16:01:29: Invalid vector string handle provided (0)
L 05/16/2019 - 16:01:29: [AMXX] Run time error 10 (plugin "QuakeSounds.amxx") (native "vformat") - debug not enabled!
L 05/16/2019 - 16:01:29: [AMXX] To enable debug mode, add "debug" after the plugin name in plugins.ini (without quotes).
L 05/16/2019 - 16:01:44: Invalid vector string handle provided (0)
L 05/16/2019 - 16:01:44: [AMXX] Run time error 10 (plugin "QuakeSounds.amxx") (native "vformat") - debug not enabled!
L 05/16/2019 - 16:01:44: [AMXX] To enable debug mode, add "debug" after the plugin name in plugins.ini (without quotes).
L 05/16/2019 - 16:02:32: Invalid vector string handle provided (0)
L 05/16/2019 - 16:02:32: [AMXX] Run time error 10 (plugin "QuakeSounds.amxx") (native "vformat") - debug not enabled!
L 05/16/2019 - 16:02:32: [AMXX] To enable debug mode, add "debug" after the plugin name in plugins.ini (without quotes).
L 05/16/2019 - 16:02:58: Invalid vector string handle provided (0)
L 05/16/2019 - 16:02:58: [AMXX] Run time error 10 (plugin "QuakeSounds.amxx") (native "vformat") - debug not enabled!
L 05/16/2019 - 16:02:58: [AMXX] To enable debug mode, add "debug" after the plugin name in plugins.ini (without quotes).
L 05/16/2019 - 16:03:40: Invalid vector string handle provided (0)
L 05/16/2019 - 16:03:40: [AMXX] Run time error 10 (plugin "QuakeSounds.amxx") (native "vformat") - debug not enabled!
L 05/16/2019 - 16:03:40: [AMXX] To enable debug mode, add "debug" after the plugin name in plugins.ini (without quotes).
L 05/16/2019 - 16:05:37: Invalid vector string handle provided (0)
L 05/16/2019 - 16:05:37: [AMXX] Run time error 10 (plugin "QuakeSounds.amxx") (native "vformat") - debug not enabled!
L 05/16/2019 - 16:05:37: [AMXX] To enable debug mode, add "debug" after the plugin name in plugins.ini (without quotes).
L 05/16/2019 - 16:06:23: Invalid vector string handle provided (0)
L 05/16/2019 - 16:06:23: [AMXX] Run time error 10 (plugin "QuakeSounds.amxx") (native "vformat") - debug not enabled!
L 05/16/2019 - 16:06:23: [AMXX] To enable debug mode, add "debug" after the plugin name in plugins.ini (without quotes).
L 05/16/2019 - 16:07:47: Invalid vector string handle provided (0)
L 05/16/2019 - 16:07:47: [AMXX] Run time error 10 (plugin "QuakeSounds.amxx") (native "vformat") - debug not enabled!
L 05/16/2019 - 16:07:47: [AMXX] To enable debug mode, add "debug" after the plugin name in plugins.ini (without quotes).
L 05/16/2019 - 16:08:47: Invalid vector string handle provided (0)
L 05/16/2019 - 16:08:47: [AMXX] Run time error 10 (plugin "QuakeSounds.amxx") (native "vformat") - debug not enabled!
L 05/16/2019 - 16:08:47: [AMXX] To enable debug mode, add "debug" after the plugin name in plugins.ini (without quotes).
L 05/16/2019 - 16:09:31: Start of error session.
L 05/16/2019 - 16:09:31: Info (map "de_dust2night") (file "addons/amxmodx/logs/error_20190516.log")
L 05/16/2019 - 16:09:31: [AMXX] Plugin file open error (plugin "admin_slash.amxx")
L 05/16/2019 - 16:35:07: Start of error session.
L 05/16/2019 - 16:35:07: Info (map "de_train") (file "addons/amxmodx/logs/error_20190516.log")
L 05/16/2019 - 16:35:07: [AMXX] Plugin file open error (plugin "admin_slash.amxx")
L 05/16/2019 - 16:58:43: Invalid vector string handle provided (0)
L 05/16/2019 - 16:58:43: [AMXX] Run time error 10 (plugin "QuakeSounds.amxx") (native "vformat") - debug not enabled!
L 05/16/2019 - 16:58:43: [AMXX] To enable debug mode, add "debug" after the plugin name in plugins.ini (without quotes).
L 05/16/2019 - 16:59:16: Invalid vector string handle provided (0)
L 05/16/2019 - 16:59:16: [AMXX] Run time error 10 (plugin "QuakeSounds.amxx") (native "vformat") - debug not enabled!
L 05/16/2019 - 16:59:16: [AMXX] To enable debug mode, add "debug" after the plugin name in plugins.ini (without quotes).
L 05/16/2019 - 17:00:05: Start of error session.
L 05/16/2019 - 17:00:05: Info (map "3d_aim_dust2") (file "addons/amxmodx/logs/error_20190516.log")
L 05/16/2019 - 17:00:05: [AMXX] Plugin file open error (plugin "admin_slash.amxx")
L 05/16/2019 - 17:01:46: Invalid vector string handle provided (0)
L 05/16/2019 - 17:01:46: [AMXX] Run time error 10 (plugin "QuakeSounds.amxx") (native "vformat") - debug not enabled!
L 05/16/2019 - 17:01:46: [AMXX] To enable debug mode, add "debug" after the plugin name in plugins.ini (without quotes).
L 05/16/2019 - 17:02:07: Invalid vector string handle provided (0)
L 05/16/2019 - 17:02:07: [AMXX] Run time error 10 (plugin "QuakeSounds.amxx") (native "vformat") - debug not enabled!
L 05/16/2019 - 17:02:07: [AMXX] To enable debug mode, add "debug" after the plugin name in plugins.ini (without quotes).
L 05/16/2019 - 17:04:37: Invalid vector string handle provided (0)
L 05/16/2019 - 17:04:37: [AMXX] Run time error 10 (plugin "QuakeSounds.amxx") (native "vformat") - debug not enabled!
L 05/16/2019 - 17:04:37: [AMXX] To enable debug mode, add "debug" after the plugin name in plugins.ini (without quotes).
L 05/16/2019 - 17:04:45: Invalid vector string handle provided (0)
L 05/16/2019 - 17:04:45: [AMXX] Run time error 10 (plugin "QuakeSounds.amxx") (native "vformat") - debug not enabled!
L 05/16/2019 - 17:04:45: [AMXX] To enable debug mode, add "debug" after the plugin name in plugins.ini (without quotes).
L 05/16/2019 - 17:05:08: Invalid vector string handle provided (0)
L 05/16/2019 - 17:05:08: [AMXX] Run time error 10 (plugin "QuakeSounds.amxx") (native "vformat") - debug not enabled!
L 05/16/2019 - 17:05:08: [AMXX] To enable debug mode, add "debug" after the plugin name in plugins.ini (without quotes).
L 05/16/2019 - 17:06:10: Invalid vector string handle provided (0)
L 05/16/2019 - 17:06:10: [AMXX] Run time error 10 (plugin "QuakeSounds.amxx") (native "vformat") - debug not enabled!
L 05/16/2019 - 17:06:10: [AMXX] To enable debug mode, add "debug" after the plugin name in plugins.ini (without quotes).
L 05/16/2019 - 17:06:36: Invalid vector string handle provided (0)
L 05/16/2019 - 17:06:36: [AMXX] Run time error 10 (plugin "QuakeSounds.amxx") (native "vformat") - debug not enabled!
L 05/16/2019 - 17:06:36: [AMXX] To enable debug mode, add "debug" after the plugin name in plugins.ini (without quotes).
L 05/16/2019 - 17:07:06: Invalid vector string handle provided (0)
L 05/16/2019 - 17:07:06: [AMXX] Run time error 10 (plugin "QuakeSounds.amxx") (native "vformat") - debug not enabled!
L 05/16/2019 - 17:07:06: [AMXX] To enable debug mode, add "debug" after the plugin name in plugins.ini (without quotes).
L 05/16/2019 - 17:09:07: Invalid vector string handle provided (0)
L 05/16/2019 - 17:09:07: [AMXX] Run time error 10 (plugin "QuakeSounds.amxx") (native "vformat") - debug not enabled!
L 05/16/2019 - 17:09:07: [AMXX] To enable debug mode, add "debug" after the plugin name in plugins.ini (without quotes).
L 05/16/2019 - 17:10:16: Invalid vector string handle provided (0)
L 05/16/2019 - 17:10:16: [AMXX] Run time error 10 (plugin "QuakeSounds.amxx") (native "vformat") - debug not enabled!
L 05/16/2019 - 17:10:16: [AMXX] To enable debug mode, add "debug" after the plugin name in plugins.ini (without quotes).
L 05/16/2019 - 17:10:27: Invalid vector string handle provided (0)
L 05/16/2019 - 17:10:27: [AMXX] Run time error 10 (plugin "QuakeSounds.amxx") (native "vformat") - debug not enabled!
L 05/16/2019 - 17:10:27: [AMXX] To enable debug mode, add "debug" after the plugin name in plugins.ini (without quotes).
L 05/16/2019 - 17:11:09: Invalid vector string handle provided (0)
L 05/16/2019 - 17:11:09: [AMXX] Run time error 10 (plugin "QuakeSounds.amxx") (native "vformat") - debug not enabled!
L 05/16/2019 - 17:11:09: [AMXX] To enable debug mode, add "debug" after the plugin name in plugins.ini (without quotes).
L 05/16/2019 - 17:11:33: Invalid vector string handle provided (0)
L 05/16/2019 - 17:11:33: [AMXX] Run time error 10 (plugin "QuakeSounds.amxx") (native "vformat") - debug not enabled!
L 05/16/2019 - 17:11:33: [AMXX] To enable debug mode, add "debug" after the plugin name in plugins.ini (without quotes).
L 05/16/2019 - 17:12:15: Invalid vector string handle provided (0)
L 05/16/2019 - 17:12:15: [AMXX] Run time error 10 (plugin "QuakeSounds.amxx") (native "vformat") - debug not enabled!
L 05/16/2019 - 17:12:15: [AMXX] To enable debug mode, add "debug" after the plugin name in plugins.ini (without quotes).
L 05/16/2019 - 17:12:40: Invalid vector string handle provided (0)
L 05/16/2019 - 17:12:40: [AMXX] Run time error 10 (plugin "QuakeSounds.amxx") (native "vformat") - debug not enabled!
L 05/16/2019 - 17:12:40: [AMXX] To enable debug mode, add "debug" after the plugin name in plugins.ini (without quotes).
L 05/16/2019 - 17:13:55: Start of error session.
L 05/16/2019 - 17:13:55: Info (map "$1000$") (file "addons/amxmodx/logs/error_20190516.log")
L 05/16/2019 - 17:13:55: [AMXX] Plugin file open error (plugin "admin_slash.amxx")
L 05/16/2019 - 17:15:16: Invalid vector string handle provided (0)
L 05/16/2019 - 17:15:16: [AMXX] Run time error 10 (plugin "QuakeSounds.amxx") (native "vformat") - debug not enabled!
L 05/16/2019 - 17:15:16: [AMXX] To enable debug mode, add "debug" after the plugin name in plugins.ini (without quotes).
L 05/16/2019 - 17:15:38: Invalid vector string handle provided (0)
L 05/16/2019 - 17:15:38: [AMXX] Run time error 10 (plugin "QuakeSounds.amxx") (native "vformat") - debug not enabled!
L 05/16/2019 - 17:15:38: [AMXX] To enable debug mode, add "debug" after the plugin name in plugins.ini (without quotes).
L 05/16/2019 - 17:16:25: Invalid vector string handle provided (0)
L 05/16/2019 - 17:16:25: [AMXX] Run time error 10 (plugin "QuakeSounds.amxx") (native "vformat") - debug not enabled!
L 05/16/2019 - 17:16:25: [AMXX] To enable debug mode, add "debug" after the plugin name in plugins.ini (without quotes).
L 05/16/2019 - 17:18:08: Invalid vector string handle provided (0)
L 05/16/2019 - 17:18:08: [AMXX] Run time error 10 (plugin "QuakeSounds.amxx") (native "vformat") - debug not enabled!
L 05/16/2019 - 17:18:08: [AMXX] To enable debug mode, add "debug" after the plugin name in plugins.ini (without quotes).
L 05/16/2019 - 17:18:19: Invalid vector string handle provided (0)
L 05/16/2019 - 17:18:19: [AMXX] Run time error 10 (plugin "QuakeSounds.amxx") (native "vformat") - debug not enabled!
L 05/16/2019 - 17:18:19: [AMXX] To enable debug mode, add "debug" after the plugin name in plugins.ini (without quotes).
L 05/16/2019 - 17:18:34: Invalid vector string handle provided (0)
L 05/16/2019 - 17:18:34: [AMXX] Run time error 10 (plugin "QuakeSounds.amxx") (native "vformat") - debug not enabled!
L 05/16/2019 - 17:18:34: [AMXX] To enable debug mode, add "debug" after the plugin name in plugins.ini (without quotes).
L 05/16/2019 - 17:19:04: Invalid vector string handle provided (0)
L 05/16/2019 - 17:19:04: [AMXX] Run time error 10 (plugin "QuakeSounds.amxx") (native "vformat") - debug not enabled!
L 05/16/2019 - 17:19:04: [AMXX] To enable debug mode, add "debug" after the plugin name in plugins.ini (without quotes).
L 05/16/2019 - 17:19:19: Invalid vector string handle provided (0)
L 05/16/2019 - 17:19:19: [AMXX] Run time error 10 (plugin "QuakeSounds.amxx") (native "vformat") - debug not enabled!
L 05/16/2019 - 17:19:19: [AMXX] To enable debug mode, add "debug" after the plugin name in plugins.ini (without quotes).
L 05/16/2019 - 17:20:11: Invalid vector string handle provided (0)
L 05/16/2019 - 17:20:11: [AMXX] Run time error 10 (plugin "QuakeSounds.amxx") (native "vformat") - debug not enabled!
L 05/16/2019 - 17:20:11: [AMXX] To enable debug mode, add "debug" after the plugin name in plugins.ini (without quotes).
L 05/16/2019 - 17:20:37: Invalid vector string handle provided (0)
L 05/16/2019 - 17:20:37: [AMXX] Run time error 10 (plugin "QuakeSounds.amxx") (native "vformat") - debug not enabled!
L 05/16/2019 - 17:20:37: [AMXX] To enable debug mode, add "debug" after the plugin name in plugins.ini (without quotes).
L 05/16/2019 - 17:21:30: Invalid vector string handle provided (0)
L 05/16/2019 - 17:21:30: [AMXX] Run time error 10 (plugin "QuakeSounds.amxx") (native "vformat") - debug not enabled!
L 05/16/2019 - 17:21:30: [AMXX] To enable debug mode, add "debug" after the plugin name in plugins.ini (without quotes).
L 05/16/2019 - 17:21:41: Invalid vector string handle provided (0)
L 05/16/2019 - 17:21:41: [AMXX] Run time error 10 (plugin "QuakeSounds.amxx") (native "vformat") - debug not enabled!
L 05/16/2019 - 17:21:41: [AMXX] To enable debug mode, add "debug" after the plugin name in plugins.ini (without quotes).
L 05/16/2019 - 17:22:34: Invalid vector string handle provided (0)
L 05/16/2019 - 17:22:34: [AMXX] Run time error 10 (plugin "QuakeSounds.amxx") (native "vformat") - debug not enabled!
L 05/16/2019 - 17:22:34: [AMXX] To enable debug mode, add "debug" after the plugin name in plugins.ini (without quotes).
L 05/16/2019 - 17:22:45: Invalid vector string handle provided (0)
L 05/16/2019 - 17:22:45: [AMXX] Run time error 10 (plugin "QuakeSounds.amxx") (native "vformat") - debug not enabled!
L 05/16/2019 - 17:22:45: [AMXX] To enable debug mode, add "debug" after the plugin name in plugins.ini (without quotes).
L 05/16/2019 - 17:22:55: Invalid vector string handle provided (0)
L 05/16/2019 - 17:22:55: [AMXX] Run time error 10 (plugin "QuakeSounds.amxx") (native "vformat") - debug not enabled!
L 05/16/2019 - 17:22:55: [AMXX] To enable debug mode, add "debug" after the plugin name in plugins.ini (without quotes).
L 05/16/2019 - 17:23:32: Invalid vector string handle provided (0)
L 05/16/2019 - 17:23:32: [AMXX] Run time error 10 (plugin "QuakeSounds.amxx") (native "vformat") - debug not enabled!
L 05/16/2019 - 17:23:32: [AMXX] To enable debug mode, add "debug" after the plugin name in plugins.ini (without quotes).
L 05/16/2019 - 17:24:06: Invalid vector string handle provided (0)
L 05/16/2019 - 17:24:06: [AMXX] Run time error 10 (plugin "QuakeSounds.amxx") (native "vformat") - debug not enabled!
L 05/16/2019 - 17:24:06: [AMXX] To enable debug mode, add "debug" after the plugin name in plugins.ini (without quotes).
L 05/16/2019 - 17:26:42: Invalid vector string handle provided (0)
L 05/16/2019 - 17:26:42: [AMXX] Run time error 10 (plugin "QuakeSounds.amxx") (native "vformat") - debug not enabled!
L 05/16/2019 - 17:26:42: [AMXX] To enable debug mode, add "debug" after the plugin name in plugins.ini (without quotes).
L 05/16/2019 - 17:27:14: Invalid vector string handle provided (0)
L 05/16/2019 - 17:27:14: [AMXX] Run time error 10 (plugin "QuakeSounds.amxx") (native "vformat") - debug not enabled!
L 05/16/2019 - 17:27:14: [AMXX] To enable debug mode, add "debug" after the plugin name in plugins.ini (without quotes).
L 05/16/2019 - 17:27:32: Invalid vector string handle provided (0)
L 05/16/2019 - 17:27:32: [AMXX] Run time error 10 (plugin "QuakeSounds.amxx") (native "vformat") - debug not enabled!
L 05/16/2019 - 17:27:32: [AMXX] To enable debug mode, add "debug" after the plugin name in plugins.ini (without quotes).
L 05/16/2019 - 17:28:17: Start of error session.
L 05/16/2019 - 17:28:17: Info (map "$2000$") (file "addons/amxmodx/logs/error_20190516.log")
L 05/16/2019 - 17:28:17: [AMXX] Plugin file open error (plugin "admin_slash.amxx")
L 05/16/2019 - 22:18:07: Start of error session.
L 05/16/2019 - 22:18:07: Info (map "3d_aim_dust2") (file "addons/amxmodx/logs/error_20190516.log")
L 05/16/2019 - 22:18:07: [AMXX] Plugin file open error (plugin "admin_slash.amxx")
L 05/16/2019 - 22:23:40: Invalid vector string handle provided (0)
L 05/16/2019 - 22:23:40: [AMXX] Run time error 10 (plugin "QuakeSounds.amxx") (native "vformat") - debug not enabled!
L 05/16/2019 - 22:23:40: [AMXX] To enable debug mode, add "debug" after the plugin name in plugins.ini (without quotes).
L 05/16/2019 - 22:24:28: Invalid vector string handle provided (0)
L 05/16/2019 - 22:24:28: [AMXX] Run time error 10 (plugin "QuakeSounds.amxx") (native "vformat") - debug not enabled!
L 05/16/2019 - 22:24:28: [AMXX] To enable debug mode, add "debug" after the plugin name in plugins.ini (without quotes).
L 05/16/2019 - 22:26:34: Invalid vector string handle provided (0)
L 05/16/2019 - 22:26:34: [AMXX] Run time error 10 (plugin "QuakeSounds.amxx") (native "vformat") - debug not enabled!
L 05/16/2019 - 22:26:34: [AMXX] To enable debug mode, add "debug" after the plugin name in plugins.ini (without quotes).
L 05/16/2019 - 22:27:00: Invalid vector string handle provided (0)
L 05/16/2019 - 22:27:00: [AMXX] Run time error 10 (plugin "QuakeSounds.amxx") (native "vformat") - debug not enabled!
L 05/16/2019 - 22:27:00: [AMXX] To enable debug mode, add "debug" after the plugin name in plugins.ini (without quotes).
L 05/16/2019 - 22:28:06: Invalid vector string handle provided (0)
L 05/16/2019 - 22:28:06: [AMXX] Run time error 10 (plugin "QuakeSounds.amxx") (native "vformat") - debug not enabled!
L 05/16/2019 - 22:28:06: [AMXX] To enable debug mode, add "debug" after the plugin name in plugins.ini (without quotes).
L 05/16/2019 - 22:29:10: Invalid vector string handle provided (0)
L 05/16/2019 - 22:29:10: [AMXX] Run time error 10 (plugin "QuakeSounds.amxx") (native "vformat") - debug not enabled!
L 05/16/2019 - 22:29:10: [AMXX] To enable debug mode, add "debug" after the plugin name in plugins.ini (without quotes).
L 05/16/2019 - 22:29:36: Invalid vector string handle provided (0)
L 05/16/2019 - 22:29:36: [AMXX] Run time error 10 (plugin "QuakeSounds.amxx") (native "vformat") - debug not enabled!
L 05/16/2019 - 22:29:36: [AMXX] To enable debug mode, add "debug" after the plugin name in plugins.ini (without quotes).
L 05/16/2019 - 22:29:47: Invalid vector string handle provided (0)
L 05/16/2019 - 22:29:47: [AMXX] Run time error 10 (plugin "QuakeSounds.amxx") (native "vformat") - debug not enabled!
L 05/16/2019 - 22:29:47: [AMXX] To enable debug mode, add "debug" after the plugin name in plugins.ini (without quotes).
L 05/16/2019 - 22:30:03: Invalid vector string handle provided (0)
L 05/16/2019 - 22:30:03: [AMXX] Run time error 10 (plugin "QuakeSounds.amxx") (native "vformat") - debug not enabled!
L 05/16/2019 - 22:30:03: [AMXX] To enable debug mode, add "debug" after the plugin name in plugins.ini (without quotes).
L 05/16/2019 - 22:31:37: Invalid vector string handle provided (0)
L 05/16/2019 - 22:31:37: [AMXX] Run time error 10 (plugin "QuakeSounds.amxx") (native "vformat") - debug not enabled!
L 05/16/2019 - 22:31:37: [AMXX] To enable debug mode, add "debug" after the plugin name in plugins.ini (without quotes).
L 05/16/2019 - 22:32:21: Invalid vector string handle provided (0)
L 05/16/2019 - 22:32:21: [AMXX] Run time error 10 (plugin "QuakeSounds.amxx") (native "vformat") - debug not enabled!
L 05/16/2019 - 22:32:21: [AMXX] To enable debug mode, add "debug" after the plugin name in plugins.ini (without quotes).
L 05/16/2019 - 22:32:28: Invalid vector string handle provided (0)
L 05/16/2019 - 22:32:28: [AMXX] Run time error 10 (plugin "QuakeSounds.amxx") (native "vformat") - debug not enabled!
L 05/16/2019 - 22:32:28: [AMXX] To enable debug mode, add "debug" after the plugin name in plugins.ini (without quotes).
L 05/16/2019 - 22:33:08: Invalid vector string handle provided (0)
L 05/16/2019 - 22:33:08: [AMXX] Run time error 10 (plugin "QuakeSounds.amxx") (native "vformat") - debug not enabled!
L 05/16/2019 - 22:33:08: [AMXX] To enable debug mode, add "debug" after the plugin name in plugins.ini (without quotes).
L 05/16/2019 - 22:33:21: Invalid vector string handle provided (0)
L 05/16/2019 - 22:33:21: [AMXX] Run time error 10 (plugin "QuakeSounds.amxx") (native "vformat") - debug not enabled!
L 05/16/2019 - 22:33:21: [AMXX] To enable debug mode, add "debug" after the plugin name in plugins.ini (without quotes).
L 05/16/2019 - 22:34:23: Invalid vector string handle provided (0)
L 05/16/2019 - 22:34:23: [AMXX] Run time error 10 (plugin "QuakeSounds.amxx") (native "vformat") - debug not enabled!
L 05/16/2019 - 22:34:23: [AMXX] To enable debug mode, add "debug" after the plugin name in plugins.ini (without quotes).
L 05/16/2019 - 22:35:46: Invalid vector string handle provided (0)
L 05/16/2019 - 22:35:46: [AMXX] Run time error 10 (plugin "QuakeSounds.amxx") (native "vformat") - debug not enabled!
L 05/16/2019 - 22:35:46: [AMXX] To enable debug mode, add "debug" after the plugin name in plugins.ini (without quotes).
L 05/16/2019 - 22:37:26: Invalid vector string handle provided (0)
L 05/16/2019 - 22:37:26: [AMXX] Run time error 10 (plugin "QuakeSounds.amxx") (native "vformat") - debug not enabled!
L 05/16/2019 - 22:37:26: [AMXX] To enable debug mode, add "debug" after the plugin name in plugins.ini (without quotes).
L 05/16/2019 - 22:37:41: Start of error session.
L 05/16/2019 - 22:37:41: Info (map "$1000$") (file "addons/amxmodx/logs/error_20190516.log")
L 05/16/2019 - 22:37:41: [AMXX] Plugin file open error (plugin "admin_slash.amxx")
L 05/16/2019 - 22:38:12: Invalid vector string handle provided (0)
L 05/16/2019 - 22:38:12: [AMXX] Run time error 10 (plugin "QuakeSounds.amxx") (native "vformat") - debug not enabled!
L 05/16/2019 - 22:38:12: [AMXX] To enable debug mode, add "debug" after the plugin name in plugins.ini (without quotes).
L 05/16/2019 - 22:38:51: Invalid vector string handle provided (0)
L 05/16/2019 - 22:38:51: [AMXX] Run time error 10 (plugin "QuakeSounds.amxx") (native "vformat") - debug not enabled!
L 05/16/2019 - 22:38:51: [AMXX] To enable debug mode, add "debug" after the plugin name in plugins.ini (without quotes).
L 05/16/2019 - 22:40:07: Invalid vector string handle provided (0)
L 05/16/2019 - 22:40:07: [AMXX] Run time error 10 (plugin "QuakeSounds.amxx") (native "vformat") - debug not enabled!
L 05/16/2019 - 22:40:07: [AMXX] To enable debug mode, add "debug" after the plugin name in plugins.ini (without quotes).
L 05/16/2019 - 22:40:08: Invalid vector string handle provided (0)
L 05/16/2019 - 22:40:08: [AMXX] Run time error 10 (plugin "QuakeSounds.amxx") (native "vformat") - debug not enabled!
L 05/16/2019 - 22:40:08: [AMXX] To enable debug mode, add "debug" after the plugin name in plugins.ini (without quotes).
L 05/16/2019 - 22:40:39: Invalid vector string handle provided (0)
L 05/16/2019 - 22:40:39: [AMXX] Run time error 10 (plugin "QuakeSounds.amxx") (native "vformat") - debug not enabled!
L 05/16/2019 - 22:40:39: [AMXX] To enable debug mode, add "debug" after the plugin name in plugins.ini (without quotes).
L 05/16/2019 - 22:40:40: Invalid vector string handle provided (0)
L 05/16/2019 - 22:40:40: [AMXX] Run time error 10 (plugin "QuakeSounds.amxx") (native "vformat") - debug not enabled!
L 05/16/2019 - 22:40:40: [AMXX] To enable debug mode, add "debug" after the plugin name in plugins.ini (without quotes).
L 05/16/2019 - 22:41:18: Invalid vector string handle provided (0)
L 05/16/2019 - 22:41:18: [AMXX] Run time error 10 (plugin "QuakeSounds.amxx") (native "vformat") - debug not enabled!
L 05/16/2019 - 22:41:18: [AMXX] To enable debug mode, add "debug" after the plugin name in plugins.ini (without quotes).
L 05/16/2019 - 22:41:38: Invalid vector string handle provided (0)
L 05/16/2019 - 22:41:38: [AMXX] Run time error 10 (plugin "QuakeSounds.amxx") (native "vformat") - debug not enabled!
L 05/16/2019 - 22:41:38: [AMXX] To enable debug mode, add "debug" after the plugin name in plugins.ini (without quotes).
L 05/16/2019 - 22:42:08: Invalid vector string handle provided (0)
L 05/16/2019 - 22:42:08: [AMXX] Run time error 10 (plugin "QuakeSounds.amxx") (native "vformat") - debug not enabled!
L 05/16/2019 - 22:42:08: [AMXX] To enable debug mode, add "debug" after the plugin name in plugins.ini (without quotes).
L 05/16/2019 - 22:43:15: Invalid vector string handle provided (0)
L 05/16/2019 - 22:43:15: [AMXX] Run time error 10 (plugin "QuakeSounds.amxx") (native "vformat") - debug not enabled!
L 05/16/2019 - 22:43:15: [AMXX] To enable debug mode, add "debug" after the plugin name in plugins.ini (without quotes).
L 05/16/2019 - 22:43:30: Invalid vector string handle provided (0)
L 05/16/2019 - 22:43:30: [AMXX] Run time error 10 (plugin "QuakeSounds.amxx") (native "vformat") - debug not enabled!
L 05/16/2019 - 22:43:30: [AMXX] To enable debug mode, add "debug" after the plugin name in plugins.ini (without quotes).
L 05/16/2019 - 22:44:10: Invalid vector string handle provided (0)
L 05/16/2019 - 22:44:10: [AMXX] Run time error 10 (plugin "QuakeSounds.amxx") (native "vformat") - debug not enabled!
L 05/16/2019 - 22:44:10: [AMXX] To enable debug mode, add "debug" after the plugin name in plugins.ini (without quotes).
L 05/16/2019 - 22:45:02: Invalid vector string handle provided (0)
L 05/16/2019 - 22:45:02: [AMXX] Run time error 10 (plugin "QuakeSounds.amxx") (native "vformat") - debug not enabled!
L 05/16/2019 - 22:45:02: [AMXX] To enable debug mode, add "debug" after the plugin name in plugins.ini (without quotes).
L 05/16/2019 - 22:45:17: Invalid vector string handle provided (0)
L 05/16/2019 - 22:45:17: [AMXX] Run time error 10 (plugin "QuakeSounds.amxx") (native "vformat") - debug not enabled!
L 05/16/2019 - 22:45:17: [AMXX] To enable debug mode, add "debug" after the plugin name in plugins.ini (without quotes).
L 05/16/2019 - 22:45:34: Invalid vector string handle provided (0)
L 05/16/2019 - 22:45:34: [AMXX] Run time error 10 (plugin "QuakeSounds.amxx") (native "vformat") - debug not enabled!
L 05/16/2019 - 22:45:34: [AMXX] To enable debug mode, add "debug" after the plugin name in plugins.ini (without quotes).
L 05/16/2019 - 22:46:20: Start of error session.
L 05/16/2019 - 22:46:20: Info (map "aa_dima2") (file "addons/amxmodx/logs/error_20190516.log")
L 05/16/2019 - 22:46:20: [AMXX] Plugin file open error (plugin "admin_slash.amxx")
L 05/16/2019 - 22:46:50: Invalid vector string handle provided (0)
L 05/16/2019 - 22:46:50: [AMXX] Run time error 10 (plugin "QuakeSounds.amxx") (native "vformat") - debug not enabled!
L 05/16/2019 - 22:46:50: [AMXX] To enable debug mode, add "debug" after the plugin name in plugins.ini (without quotes).
L 05/16/2019 - 22:47:29: Invalid vector string handle provided (0)
L 05/16/2019 - 22:47:29: [AMXX] Run time error 10 (plugin "QuakeSounds.amxx") (native "vformat") - debug not enabled!
L 05/16/2019 - 22:47:29: [AMXX] To enable debug mode, add "debug" after the plugin name in plugins.ini (without quotes).
L 05/16/2019 - 22:47:43: Invalid vector string handle provided (0)
L 05/16/2019 - 22:47:43: [AMXX] Run time error 10 (plugin "QuakeSounds.amxx") (native "vformat") - debug not enabled!
L 05/16/2019 - 22:47:43: [AMXX] To enable debug mode, add "debug" after the plugin name in plugins.ini (without quotes).
L 05/16/2019 - 22:48:01: Invalid vector string handle provided (0)
L 05/16/2019 - 22:48:01: [AMXX] Run time error 10 (plugin "QuakeSounds.amxx") (native "vformat") - debug not enabled!
L 05/16/2019 - 22:48:01: [AMXX] To enable debug mode, add "debug" after the plugin name in plugins.ini (without quotes).
L 05/16/2019 - 22:48:29: Invalid vector string handle provided (0)
L 05/16/2019 - 22:48:29: [AMXX] Run time error 10 (plugin "QuakeSounds.amxx") (native "vformat") - debug not enabled!
L 05/16/2019 - 22:48:29: [AMXX] To enable debug mode, add "debug" after the plugin name in plugins.ini (without quotes).
L 05/16/2019 - 22:48:45: Invalid vector string handle provided (0)
L 05/16/2019 - 22:48:45: [AMXX] Run time error 10 (plugin "QuakeSounds.amxx") (native "vformat") - debug not enabled!
L 05/16/2019 - 22:48:45: [AMXX] To enable debug mode, add "debug" after the plugin name in plugins.ini (without quotes).
L 05/16/2019 - 22:49:14: Invalid vector string handle provided (0)
L 05/16/2019 - 22:49:14: [AMXX] Run time error 10 (plugin "QuakeSounds.amxx") (native "vformat") - debug not enabled!
L 05/16/2019 - 22:49:14: [AMXX] To enable debug mode, add "debug" after the plugin name in plugins.ini (without quotes).
L 05/16/2019 - 22:55:27: Start of error session.
L 05/16/2019 - 22:55:27: Info (map "3d_aim_dust2") (file "addons/amxmodx/logs/error_20190516.log")
L 05/16/2019 - 22:55:27: [AMXX] Plugin file open error (plugin "admin_slash.amxx")
L 05/16/2019 - 23:20:57: Start of error session.
L 05/16/2019 - 23:20:57: Info (map "de_aztec") (file "addons/amxmodx/logs/error_20190516.log")
L 05/16/2019 - 23:20:57: [AMXX] Plugin file open error (plugin "admin_slash.amxx")
L 05/16/2019 - 23:31:04: Invalid vector string handle provided (0)
L 05/16/2019 - 23:31:04: [AMXX] Run time error 10 (plugin "QuakeSounds.amxx") (native "vformat") - debug not enabled!
L 05/16/2019 - 23:31:04: [AMXX] To enable debug mode, add "debug" after the plugin name in plugins.ini (without quotes).
L 05/16/2019 - 23:32:29: Start of error session.
L 05/16/2019 - 23:32:29: Info (map "$1000$") (file "addons/amxmodx/logs/error_20190516.log")
L 05/16/2019 - 23:32:29: [AMXX] Plugin file open error (plugin "admin_slash.amxx")
L 05/16/2019 - 23:33:37: Invalid vector string handle provided (0)
L 05/16/2019 - 23:33:37: [AMXX] Run time error 10 (plugin "QuakeSounds.amxx") (native "vformat") - debug not enabled!
L 05/16/2019 - 23:33:37: [AMXX] To enable debug mode, add "debug" after the plugin name in plugins.ini (without quotes).
L 05/16/2019 - 23:33:51: Invalid vector string handle provided (0)
L 05/16/2019 - 23:33:51: [AMXX] Run time error 10 (plugin "QuakeSounds.amxx") (native "vformat") - debug not enabled!
L 05/16/2019 - 23:33:51: [AMXX] To enable debug mode, add "debug" after the plugin name in plugins.ini (without quotes).
L 05/16/2019 - 23:34:32: Invalid vector string handle provided (0)
L 05/16/2019 - 23:34:32: [AMXX] Run time error 10 (plugin "QuakeSounds.amxx") (native "vformat") - debug not enabled!
L 05/16/2019 - 23:34:32: [AMXX] To enable debug mode, add "debug" after the plugin name in plugins.ini (without quotes).
L 05/16/2019 - 23:34:36: Invalid vector string handle provided (0)
L 05/16/2019 - 23:34:36: [AMXX] Run time error 10 (plugin "QuakeSounds.amxx") (native "vformat") - debug not enabled!
L 05/16/2019 - 23:34:36: [AMXX] To enable debug mode, add "debug" after the plugin name in plugins.ini (without quotes).
L 05/16/2019 - 23:34:54: Invalid vector string handle provided (0)
L 05/16/2019 - 23:34:54: [AMXX] Run time error 10 (plugin "QuakeSounds.amxx") (native "vformat") - debug not enabled!
L 05/16/2019 - 23:34:54: [AMXX] To enable debug mode, add "debug" after the plugin name in plugins.ini (without quotes).
L 05/16/2019 - 23:35:21: Invalid vector string handle provided (0)
L 05/16/2019 - 23:35:21: [AMXX] Run time error 10 (plugin "QuakeSounds.amxx") (native "vformat") - debug not enabled!
L 05/16/2019 - 23:35:21: [AMXX] To enable debug mode, add "debug" after the plugin name in plugins.ini (without quotes).
L 05/16/2019 - 23:35:22: Invalid vector string handle provided (0)
L 05/16/2019 - 23:35:22: [AMXX] Run time error 10 (plugin "QuakeSounds.amxx") (native "vformat") - debug not enabled!
L 05/16/2019 - 23:35:22: [AMXX] To enable debug mode, add "debug" after the plugin name in plugins.ini (without quotes).
L 05/16/2019 - 23:36:07: Invalid vector string handle provided (0)
L 05/16/2019 - 23:36:07: [AMXX] Run time error 10 (plugin "QuakeSounds.amxx") (native "vformat") - debug not enabled!
L 05/16/2019 - 23:36:07: [AMXX] To enable debug mode, add "debug" after the plugin name in plugins.ini (without quotes).
L 05/16/2019 - 23:36:41: Invalid vector string handle provided (0)
L 05/16/2019 - 23:36:41: [AMXX] Run time error 10 (plugin "QuakeSounds.amxx") (native "vformat") - debug not enabled!
L 05/16/2019 - 23:36:41: [AMXX] To enable debug mode, add "debug" after the plugin name in plugins.ini (without quotes).
L 05/16/2019 - 23:38:00: Invalid vector string handle provided (0)
L 05/16/2019 - 23:38:00: [AMXX] Run time error 10 (plugin "QuakeSounds.amxx") (native "vformat") - debug not enabled!
L 05/16/2019 - 23:38:00: [AMXX] To enable debug mode, add "debug" after the plugin name in plugins.ini (without quotes).
L 05/16/2019 - 23:38:13: Invalid vector string handle provided (0)
L 05/16/2019 - 23:38:13: [AMXX] Run time error 10 (plugin "QuakeSounds.amxx") (native "vformat") - debug not enabled!
L 05/16/2019 - 23:38:13: [AMXX] To enable debug mode, add "debug" after the plugin name in plugins.ini (without quotes).
L 05/16/2019 - 23:38:24: Invalid vector string handle provided (0)
L 05/16/2019 - 23:38:24: [AMXX] Run time error 10 (plugin "QuakeSounds.amxx") (native "vformat") - debug not enabled!
L 05/16/2019 - 23:38:24: [AMXX] To enable debug mode, add "debug" after the plugin name in plugins.ini (without quotes).
L 05/16/2019 - 23:38:34: Invalid vector string handle provided (0)
L 05/16/2019 - 23:38:34: [AMXX] Run time error 10 (plugin "QuakeSounds.amxx") (native "vformat") - debug not enabled!
L 05/16/2019 - 23:38:34: [AMXX] To enable debug mode, add "debug" after the plugin name in plugins.ini (without quotes).
L 05/16/2019 - 23:40:05: Invalid vector string handle provided (0)
L 05/16/2019 - 23:40:05: [AMXX] Run time error 10 (plugin "QuakeSounds.amxx") (native "vformat") - debug not enabled!
L 05/16/2019 - 23:40:05: [AMXX] To enable debug mode, add "debug" after the plugin name in plugins.ini (without quotes).
L 05/16/2019 - 23:40:41: Invalid vector string handle provided (0)
L 05/16/2019 - 23:40:41: [AMXX] Run time error 10 (plugin "QuakeSounds.amxx") (native "vformat") - debug not enabled!
L 05/16/2019 - 23:40:41: [AMXX] To enable debug mode, add "debug" after the plugin name in plugins.ini (without quotes).
L 05/16/2019 - 23:41:58: Invalid vector string handle provided (0)
L 05/16/2019 - 23:41:58: [AMXX] Run time error 10 (plugin "QuakeSounds.amxx") (native "vformat") - debug not enabled!
L 05/16/2019 - 23:41:58: [AMXX] To enable debug mode, add "debug" after the plugin name in plugins.ini (without quotes).
L 05/16/2019 - 23:42:14: Start of error session.
L 05/16/2019 - 23:42:14: Info (map "de_dust2") (file "addons/amxmodx/logs/error_20190516.log")
L 05/16/2019 - 23:42:14: [AMXX] Plugin file open error (plugin "admin_slash.amxx")
L 05/16/2019 - 23:42:58: Invalid vector string handle provided (0)
L 05/16/2019 - 23:42:58: [AMXX] Run time error 10 (plugin "QuakeSounds.amxx") (native "vformat") - debug not enabled!
L 05/16/2019 - 23:42:58: [AMXX] To enable debug mode, add "debug" after the plugin name in plugins.ini (without quotes).
L 05/16/2019 - 23:45:03: Invalid vector string handle provided (0)
L 05/16/2019 - 23:45:03: [AMXX] Run time error 10 (plugin "QuakeSounds.amxx") (native "vformat") - debug not enabled!
L 05/16/2019 - 23:45:03: [AMXX] To enable debug mode, add "debug" after the plugin name in plugins.ini (without quotes).
L 05/16/2019 - 23:45:50: Invalid vector string handle provided (0)
L 05/16/2019 - 23:45:50: [AMXX] Run time error 10 (plugin "QuakeSounds.amxx") (native "vformat") - debug not enabled!
L 05/16/2019 - 23:45:50: [AMXX] To enable debug mode, add "debug" after the plugin name in plugins.ini (without quotes).
L 05/16/2019 - 23:46:14: Invalid vector string handle provided (0)
L 05/16/2019 - 23:46:14: [AMXX] Run time error 10 (plugin "QuakeSounds.amxx") (native "vformat") - debug not enabled!
L 05/16/2019 - 23:46:15: [AMXX] To enable debug mode, add "debug" after the plugin name in plugins.ini (without quotes).
L 05/16/2019 - 23:48:14: Invalid vector string handle provided (0)
L 05/16/2019 - 23:48:14: [AMXX] Run time error 10 (plugin "QuakeSounds.amxx") (native "vformat") - debug not enabled!
L 05/16/2019 - 23:48:14: [AMXX] To enable debug mode, add "debug" after the plugin name in plugins.ini (without quotes).
L 05/16/2019 - 23:49:36: Invalid vector string handle provided (0)
L 05/16/2019 - 23:49:36: [AMXX] Run time error 10 (plugin "QuakeSounds.amxx") (native "vformat") - debug not enabled!
L 05/16/2019 - 23:49:36: [AMXX] To enable debug mode, add "debug" after the plugin name in plugins.ini (without quotes).
L 05/16/2019 - 23:50:10: Invalid vector string handle provided (0)
L 05/16/2019 - 23:50:10: [AMXX] Run time error 10 (plugin "QuakeSounds.amxx") (native "vformat") - debug not enabled!
L 05/16/2019 - 23:50:10: [AMXX] To enable debug mode, add "debug" after the plugin name in plugins.ini (without quotes).
L 05/16/2019 - 23:50:13: Invalid vector string handle provided (0)
L 05/16/2019 - 23:50:13: [AMXX] Run time error 10 (plugin "QuakeSounds.amxx") (native "vformat") - debug not enabled!
L 05/16/2019 - 23:50:13: [AMXX] To enable debug mode, add "debug" after the plugin name in plugins.ini (without quotes).
L 05/16/2019 - 23:50:36: Invalid vector string handle provided (0)
L 05/16/2019 - 23:50:36: [AMXX] Run time error 10 (plugin "QuakeSounds.amxx") (native "vformat") - debug not enabled!
L 05/16/2019 - 23:50:36: [AMXX] To enable debug mode, add "debug" after the plugin name in plugins.ini (without quotes).
L 05/16/2019 - 23:52:00: Invalid vector string handle provided (0)
L 05/16/2019 - 23:52:00: [AMXX] Run time error 10 (plugin "QuakeSounds.amxx") (native "vformat") - debug not enabled!
L 05/16/2019 - 23:52:00: [AMXX] To enable debug mode, add "debug" after the plugin name in plugins.ini (without quotes).
L 05/16/2019 - 23:52:30: Invalid vector string handle provided (0)
L 05/16/2019 - 23:52:30: [AMXX] Run time error 10 (plugin "QuakeSounds.amxx") (native "vformat") - debug not enabled!
L 05/16/2019 - 23:52:30: [AMXX] To enable debug mode, add "debug" after the plugin name in plugins.ini (without quotes).
L 05/16/2019 - 23:53:11: Invalid vector string handle provided (0)
L 05/16/2019 - 23:53:11: [AMXX] Run time error 10 (plugin "QuakeSounds.amxx") (native "vformat") - debug not enabled!
L 05/16/2019 - 23:53:12: [AMXX] To enable debug mode, add "debug" after the plugin name in plugins.ini (without quotes).
L 05/16/2019 - 23:53:21: Invalid vector string handle provided (0)
L 05/16/2019 - 23:53:21: [AMXX] Run time error 10 (plugin "QuakeSounds.amxx") (native "vformat") - debug not enabled!
L 05/16/2019 - 23:53:21: [AMXX] To enable debug mode, add "debug" after the plugin name in plugins.ini (without quotes).
L 05/16/2019 - 23:53:37: Invalid vector string handle provided (0)
L 05/16/2019 - 23:53:37: [AMXX] Run time error 10 (plugin "QuakeSounds.amxx") (native "vformat") - debug not enabled!
L 05/16/2019 - 23:53:37: [AMXX] To enable debug mode, add "debug" after the plugin name in plugins.ini (without quotes).
L 05/16/2019 - 23:54:45: Invalid vector string handle provided (0)
L 05/16/2019 - 23:54:45: [AMXX] Run time error 10 (plugin "QuakeSounds.amxx") (native "vformat") - debug not enabled!
L 05/16/2019 - 23:54:45: [AMXX] To enable debug mode, add "debug" after the plugin name in plugins.ini (without quotes).
L 05/16/2019 - 23:56:06: Invalid vector string handle provided (0)
L 05/16/2019 - 23:56:06: [AMXX] Run time error 10 (plugin "QuakeSounds.amxx") (native "vformat") - debug not enabled!
L 05/16/2019 - 23:56:06: [AMXX] To enable debug mode, add "debug" after the plugin name in plugins.ini (without quotes).
L 05/16/2019 - 23:56:50: Invalid vector string handle provided (0)
L 05/16/2019 - 23:56:50: [AMXX] Run time error 10 (plugin "QuakeSounds.amxx") (native "vformat") - debug not enabled!
L 05/16/2019 - 23:56:50: [AMXX] To enable debug mode, add "debug" after the plugin name in plugins.ini (without quotes).
L 05/16/2019 - 23:57:24: Invalid vector string handle provided (0)
L 05/16/2019 - 23:57:24: [AMXX] Run time error 10 (plugin "QuakeSounds.amxx") (native "vformat") - debug not enabled!
L 05/16/2019 - 23:57:24: [AMXX] To enable debug mode, add "debug" after the plugin name in plugins.ini (without quotes).
L 05/16/2019 - 23:58:58: Invalid vector string handle provided (0)
L 05/16/2019 - 23:58:58: [AMXX] Run time error 10 (plugin "QuakeSounds.amxx") (native "vformat") - debug not enabled!
L 05/16/2019 - 23:58:58: [AMXX] To enable debug mode, add "debug" after the plugin name in plugins.ini (without quotes).
L 05/16/2019 - 23:59:36: Invalid vector string handle provided (0)
L 05/16/2019 - 23:59:36: [AMXX] Run time error 10 (plugin "QuakeSounds.amxx") (native "vformat") - debug not enabled!
L 05/16/2019 - 23:59:36: [AMXX] To enable debug mode, add "debug" after the plugin name in plugins.ini (without quotes).
