L 04/05/2019 - 10:00:59: -------- Mapchange to $1000$ --------
L 04/05/2019 - 10:00:59: [CSX] Could not load csstats file: cstrike\
L 04/05/2019 - 10:00:59: [AMXX] Plugin "axn_bhop.amxx" failed to load: Module/Library "orpheu" required for plugin.  Check modules.ini.
L 04/05/2019 - 10:01:16: [admin.amxx] Login: "Main Uppar Waala hoon.<1><STEAM_0:0:841558293><>" became an admin (account "loopback") (access "abcdefghijklmnopqrstu") (address "loopback")
L 04/05/2019 - 10:01:24: [admin.amxx] Login: "Main Uppar Waala hoon.<1><STEAM_0:0:841558293><>" became an admin (account "loopback") (access "abcdefghijklmnopqrstu") (address "loopback")
L 04/05/2019 - 10:03:26: -------- Mapchange to $1000$ --------
L 04/05/2019 - 10:03:26: [CSX] Could not load csstats file: cstrike\
L 04/05/2019 - 10:03:26: [AMXX] Plugin "axn_bhop.amxx" failed to load: Module/Library "orpheu" required for plugin.  Check modules.ini.
L 04/05/2019 - 10:03:29: [admin.amxx] Login: "Main Uppar Waala hoon.<1><STEAM_0:0:841558293><>" became an admin (account "loopback") (access "abcdefghijklmnopqrstu") (address "loopback")
L 04/05/2019 - 10:03:30: [admin.amxx] Login: "Main Uppar Waala hoon.<1><STEAM_0:0:841558293><>" became an admin (account "loopback") (access "abcdefghijklmnopqrstu") (address "loopback")
L 04/05/2019 - 10:06:26: -------- Mapchange to $1000$ --------
L 04/05/2019 - 10:06:26: [CSX] Could not load csstats file: cstrike\
L 04/05/2019 - 10:06:26: [AMXX] Plugin "axn_bhop.amxx" failed to load: Module/Library "orpheu" required for plugin.  Check modules.ini.
L 04/05/2019 - 10:06:28: [admin.amxx] Login: "Main Uppar Waala hoon.<1><STEAM_0:0:841558293><>" became an admin (account "loopback") (access "abcdefghijklmnopqrstu") (address "loopback")
L 04/05/2019 - 10:06:29: [admin.amxx] Login: "Main Uppar Waala hoon.<1><STEAM_0:0:841558293><>" became an admin (account "loopback") (access "abcdefghijklmnopqrstu") (address "loopback")
L 04/05/2019 - 10:08:54: -------- Mapchange to $1000$ --------
L 04/05/2019 - 10:08:54: [CSX] Could not load csstats file: cstrike\
L 04/05/2019 - 10:08:54: [AMXX] Plugin "axn_bhop.amxx" failed to load: Module/Library "orpheu" required for plugin.  Check modules.ini.
L 04/05/2019 - 10:08:55: [admin.amxx] Login: "Main Uppar Waala hoon.<1><STEAM_0:0:841558293><>" became an admin (account "loopback") (access "abcdefghijklmnopqrstu") (address "loopback")
L 04/05/2019 - 10:08:57: [admin.amxx] Login: "Main Uppar Waala hoon.<1><STEAM_0:0:841558293><>" became an admin (account "loopback") (access "abcdefghijklmnopqrstu") (address "loopback")
L 04/05/2019 - 10:16:10: [mapchooser.amxx] Vote: Voting for the nextmap started
L 04/05/2019 - 10:16:25: [mapchooser.amxx] Vote: Voting for the nextmap finished. The nextmap will be de_aztec
L 04/05/2019 - 10:17:16: -------- Mapchange to de_aztec --------
L 04/05/2019 - 10:17:16: [AMXX] Plugin "axn_bhop.amxx" failed to load: Module/Library "orpheu" required for plugin.  Check modules.ini.
L 04/05/2019 - 10:17:17: [admin.amxx] Login: "Main Uppar Waala hoon.<1><STEAM_0:0:841558293><>" became an admin (account "loopback") (access "abcdefghijklmnopqrstu") (address "loopback")
L 04/05/2019 - 10:17:18: [admin.amxx] Login: "Main Uppar Waala hoon.<1><STEAM_0:0:841558293><>" became an admin (account "loopback") (access "abcdefghijklmnopqrstu") (address "loopback")
L 04/05/2019 - 10:25:08: -------- Mapchange to $1000$ --------
L 04/05/2019 - 10:25:08: [CSX] Could not load csstats file: cstrike\
L 04/05/2019 - 10:25:08: [AMXX] Plugin "axn_bhop.amxx" failed to load: Module/Library "orpheu" required for plugin.  Check modules.ini.
L 04/05/2019 - 10:25:15: [admin.amxx] Login: "Main Uppar Waala hoon.<1><STEAM_0:0:841558293><>" became an admin (account "loopback") (access "abcdefghijklmnopqrstu") (address "loopback")
L 04/05/2019 - 10:25:18: [admin.amxx] Login: "Main Uppar Waala hoon.<1><STEAM_0:0:841558293><>" became an admin (account "loopback") (access "abcdefghijklmnopqrstu") (address "loopback")
L 04/05/2019 - 12:38:04: -------- Mapchange to $1000$ --------
L 04/05/2019 - 12:38:04: [CSX] Could not load csstats file: cstrike\
L 04/05/2019 - 12:38:04: [AMXX] Plugin "axn_bhop.amxx" failed to load: Module/Library "orpheu" required for plugin.  Check modules.ini.
L 04/05/2019 - 12:38:16: [admin.amxx] Login: "Main Uppar Waala hoon.<1><STEAM_0:0:841558293><>" became an admin (account "loopback") (access "abcdefghijklmnopqrstu") (address "loopback")
L 04/05/2019 - 12:38:22: [admin.amxx] Login: "Main Uppar Waala hoon.<1><STEAM_0:0:841558293><>" became an admin (account "loopback") (access "abcdefghijklmnopqrstu") (address "loopback")
L 04/05/2019 - 13:38:31: -------- Mapchange to $1000$ --------
L 04/05/2019 - 13:38:31: [AMXX] Plugin "axn_bhop.amxx" failed to load: Module/Library "orpheu" required for plugin.  Check modules.ini.
L 04/05/2019 - 13:38:32: [admin.amxx] Login: "Main Uppar Waala hoon.<5><STEAM_0:0:841558293><>" became an admin (account "loopback") (access "abcdefghijklmnopqrstu") (address "loopback")
L 04/05/2019 - 13:38:33: [admin.amxx] Login: "Main Uppar Waala hoon.<5><STEAM_0:0:841558293><>" became an admin (account "loopback") (access "abcdefghijklmnopqrstu") (address "loopback")
L 04/05/2019 - 13:39:20: -------- Mapchange to $1000$ --------
L 04/05/2019 - 13:39:20: [AMXX] Plugin "axn_bhop.amxx" failed to load: Module/Library "orpheu" required for plugin.  Check modules.ini.
L 04/05/2019 - 13:39:21: [admin.amxx] Login: "Main Uppar Waala hoon.<9><STEAM_0:0:841558293><>" became an admin (account "loopback") (access "abcdefghijklmnopqrstu") (address "loopback")
L 04/05/2019 - 13:39:23: [admin.amxx] Login: "Main Uppar Waala hoon.<9><STEAM_0:0:841558293><>" became an admin (account "loopback") (access "abcdefghijklmnopqrstu") (address "loopback")
L 04/05/2019 - 14:20:45: -------- Mapchange to $1000$ --------
L 04/05/2019 - 14:20:45: [CSX] Could not load csstats file: cstrike\
L 04/05/2019 - 14:20:45: [AMXX] Plugin "axn_bhop.amxx" failed to load: Module/Library "orpheu" required for plugin.  Check modules.ini.
L 04/05/2019 - 14:20:46: [admin.amxx] Login: "Main Uppar Waala hoon.<1><STEAM_0:0:841558293><>" became an admin (account "loopback") (access "abcdefghijklmnopqrstu") (address "loopback")
L 04/05/2019 - 14:20:48: [admin.amxx] Login: "Main Uppar Waala hoon.<1><STEAM_0:0:841558293><>" became an admin (account "loopback") (access "abcdefghijklmnopqrstu") (address "loopback")
L 04/05/2019 - 14:36:43: -------- Mapchange to $1000$ --------
L 04/05/2019 - 14:36:43: [CSX] Could not load csstats file: cstrike\
L 04/05/2019 - 14:36:43: [AMXX] Plugin "axn_bhop.amxx" failed to load: Module/Library "orpheu" required for plugin.  Check modules.ini.
L 04/05/2019 - 14:36:49: [admin.amxx] Login: "Main Uppar Waala hoon.<1><STEAM_0:0:841558293><>" became an admin (account "loopback") (access "abcdefghijklmnopqrstu") (address "loopback")
L 04/05/2019 - 14:36:52: [admin.amxx] Login: "Main Uppar Waala hoon.<1><STEAM_0:0:841558293><>" became an admin (account "loopback") (access "abcdefghijklmnopqrstu") (address "loopback")
L 04/05/2019 - 14:41:44: -------- Mapchange to $1000$ --------
L 04/05/2019 - 14:41:44: [CSX] Could not load csstats file: cstrike\
L 04/05/2019 - 14:41:44: [AMXX] Plugin "axn_bhop.amxx" failed to load: Module/Library "orpheu" required for plugin.  Check modules.ini.
L 04/05/2019 - 14:41:54: [admin.amxx] Login: "Main Uppar Waala hoon.<1><STEAM_0:0:841558293><>" became an admin (account "loopback") (access "abcdefghijklmnopqrstu") (address "loopback")
L 04/05/2019 - 14:41:56: [admin.amxx] Login: "Main Uppar Waala hoon.<1><STEAM_0:0:841558293><>" became an admin (account "loopback") (access "abcdefghijklmnopqrstu") (address "loopback")
L 04/05/2019 - 14:45:44: -------- Mapchange to $1000$ --------
L 04/05/2019 - 14:45:44: [CSX] Could not load csstats file: cstrike\
L 04/05/2019 - 14:45:44: [AMXX] Plugin "axn_bhop.amxx" failed to load: Module/Library "orpheu" required for plugin.  Check modules.ini.
L 04/05/2019 - 14:45:53: [admin.amxx] Login: "Main Uppar Waala hoon.<1><STEAM_0:0:841558293><>" became an admin (account "loopback") (access "abcdefghijklmnopqrstu") (address "loopback")
L 04/05/2019 - 14:45:55: [admin.amxx] Login: "Main Uppar Waala hoon.<1><STEAM_0:0:841558293><>" became an admin (account "loopback") (access "abcdefghijklmnopqrstu") (address "loopback")
L 04/05/2019 - 15:03:41: [mapchooser.amxx] Vote: Voting for the nextmap started
L 04/05/2019 - 15:03:56: [mapchooser.amxx] Vote: Voting for the nextmap finished. The nextmap will be de_aztec
L 04/05/2019 - 15:04:21: -------- Mapchange to de_aztec --------
L 04/05/2019 - 15:04:21: [AMXX] Plugin "axn_bhop.amxx" failed to load: Module/Library "orpheu" required for plugin.  Check modules.ini.
L 04/05/2019 - 15:04:23: [admin.amxx] Login: "Main Uppar Waala hoon.<1><STEAM_0:0:841558293><>" became an admin (account "loopback") (access "abcdefghijklmnopqrstu") (address "loopback")
L 04/05/2019 - 15:04:30: [admin.amxx] Login: "Main Uppar Waala hoon.<1><STEAM_0:0:841558293><>" became an admin (account "loopback") (access "abcdefghijklmnopqrstu") (address "loopback")
L 04/05/2019 - 15:04:45: -------- Mapchange to $1000$ --------
L 04/05/2019 - 15:04:45: [AMXX] Plugin "axn_bhop.amxx" failed to load: Module/Library "orpheu" required for plugin.  Check modules.ini.
L 04/05/2019 - 15:04:46: [admin.amxx] Login: "Main Uppar Waala hoon.<1><STEAM_0:0:841558293><>" became an admin (account "loopback") (access "abcdefghijklmnopqrstu") (address "loopback")
L 04/05/2019 - 15:04:48: [admin.amxx] Login: "Main Uppar Waala hoon.<1><STEAM_0:0:841558293><>" became an admin (account "loopback") (access "abcdefghijklmnopqrstu") (address "loopback")
L 04/05/2019 - 15:09:31: [mapchooser.amxx] Vote: Voting for the nextmap started
L 04/05/2019 - 15:09:46: [mapchooser.amxx] Vote: Voting for the nextmap finished. The nextmap will be aa_dima2
L 04/05/2019 - 15:10:07: -------- Mapchange to aa_dima2 --------
L 04/05/2019 - 15:10:07: [AMXX] Plugin "axn_bhop.amxx" failed to load: Module/Library "orpheu" required for plugin.  Check modules.ini.
L 04/05/2019 - 15:10:08: [admin.amxx] Login: "Main Uppar Waala hoon.<1><STEAM_0:0:841558293><>" became an admin (account "loopback") (access "abcdefghijklmnopqrstu") (address "loopback")
L 04/05/2019 - 15:10:10: [admin.amxx] Login: "Main Uppar Waala hoon.<1><STEAM_0:0:841558293><>" became an admin (account "loopback") (access "abcdefghijklmnopqrstu") (address "loopback")
L 04/05/2019 - 15:15:08: [mapchooser.amxx] Vote: Voting for the nextmap started
L 04/05/2019 - 15:15:23: [mapchooser.amxx] Vote: Voting for the nextmap finished. The nextmap will be $2000$
L 04/05/2019 - 15:16:10: -------- Mapchange to $2000$ --------
L 04/05/2019 - 15:16:10: [AMXX] Plugin "axn_bhop.amxx" failed to load: Module/Library "orpheu" required for plugin.  Check modules.ini.
L 04/05/2019 - 15:16:11: [admin.amxx] Login: "Main Uppar Waala hoon.<1><STEAM_0:0:841558293><>" became an admin (account "loopback") (access "abcdefghijklmnopqrstu") (address "loopback")
L 04/05/2019 - 16:27:28: -------- Mapchange to $1000$ --------
L 04/05/2019 - 16:27:28: [CSX] Could not load csstats file: cstrike\
L 04/05/2019 - 16:27:28: [AMXX] Plugin "axn_bhop.amxx" failed to load: Module/Library "orpheu" required for plugin.  Check modules.ini.
L 04/05/2019 - 16:27:36: [admin.amxx] Login: "Main Uppar Waala hoon.<1><STEAM_0:0:841558293><>" became an admin (account "loopback") (access "abcdefghijklmnopqrstu") (address "loopback")
L 04/05/2019 - 16:27:38: [admin.amxx] Login: "Main Uppar Waala hoon.<1><STEAM_0:0:841558293><>" became an admin (account "loopback") (access "abcdefghijklmnopqrstu") (address "loopback")
L 04/05/2019 - 16:33:21: [mapchooser.amxx] Vote: Voting for the nextmap started
L 04/05/2019 - 16:33:36: [mapchooser.amxx] Vote: Voting for the nextmap finished. The nextmap will be de_aztec
L 04/05/2019 - 16:34:02: -------- Mapchange to de_aztec --------
L 04/05/2019 - 16:34:02: [AMXX] Plugin "axn_bhop.amxx" failed to load: Module/Library "orpheu" required for plugin.  Check modules.ini.
L 04/05/2019 - 16:34:03: [admin.amxx] Login: "Main Uppar Waala hoon.<1><STEAM_0:0:841558293><>" became an admin (account "loopback") (access "abcdefghijklmnopqrstu") (address "loopback")
L 04/05/2019 - 16:34:05: [admin.amxx] Login: "Main Uppar Waala hoon.<1><STEAM_0:0:841558293><>" became an admin (account "loopback") (access "abcdefghijklmnopqrstu") (address "loopback")
L 04/05/2019 - 16:35:01: [adminchat.amxx] Chat: "[F4] Mr.eB0La*^~<4><STEAM_0:0:418968183><>" chat "ABE ADMIN BANA BE"
L 04/05/2019 - 16:36:55: -------- Mapchange to de_dust2 --------
L 04/05/2019 - 16:36:56: [AMXX] Plugin "axn_bhop.amxx" failed to load: Module/Library "orpheu" required for plugin.  Check modules.ini.
L 04/05/2019 - 16:36:57: [admin.amxx] Login: "Main Uppar Waala hoon.<1><STEAM_0:0:841558293><>" became an admin (account "loopback") (access "abcdefghijklmnopqrstu") (address "loopback")
L 04/05/2019 - 16:36:58: [admin.amxx] Login: "Main Uppar Waala hoon.<1><STEAM_0:0:841558293><>" became an admin (account "loopback") (access "abcdefghijklmnopqrstu") (address "loopback")
L 04/05/2019 - 16:37:06: -------- Mapchange to $1000$ --------
L 04/05/2019 - 16:37:06: [AMXX] Plugin "axn_bhop.amxx" failed to load: Module/Library "orpheu" required for plugin.  Check modules.ini.
L 04/05/2019 - 16:37:07: [admin.amxx] Login: "Main Uppar Waala hoon.<1><STEAM_0:0:841558293><>" became an admin (account "loopback") (access "abcdefghijklmnopqrstu") (address "loopback")
L 04/05/2019 - 16:37:08: [admin.amxx] Login: "Main Uppar Waala hoon.<1><STEAM_0:0:841558293><>" became an admin (account "loopback") (access "abcdefghijklmnopqrstu") (address "loopback")
L 04/05/2019 - 16:41:37: [mapchooser.amxx] Vote: Voting for the nextmap started
L 04/05/2019 - 16:41:52: [mapchooser.amxx] Vote: Voting for the nextmap finished. The nextmap will be aa_dima2
L 04/05/2019 - 16:42:10: -------- Mapchange to aa_dima2 --------
L 04/05/2019 - 16:42:10: [AMXX] Plugin "axn_bhop.amxx" failed to load: Module/Library "orpheu" required for plugin.  Check modules.ini.
L 04/05/2019 - 16:42:11: [admin.amxx] Login: "Main Uppar Waala hoon.<1><STEAM_0:0:841558293><>" became an admin (account "loopback") (access "abcdefghijklmnopqrstu") (address "loopback")
L 04/05/2019 - 16:42:12: [admin.amxx] Login: "Main Uppar Waala hoon.<1><STEAM_0:0:841558293><>" became an admin (account "loopback") (access "abcdefghijklmnopqrstu") (address "loopback")
L 04/05/2019 - 16:47:41: [mapchooser.amxx] Vote: Voting for the nextmap started
L 04/05/2019 - 16:47:56: [mapchooser.amxx] Vote: Voting for the nextmap finished. The nextmap will be 3d_aim_dust2
L 04/05/2019 - 16:48:42: -------- Mapchange to 3d_aim_dust2 --------
L 04/05/2019 - 16:48:42: [AMXX] Plugin "axn_bhop.amxx" failed to load: Module/Library "orpheu" required for plugin.  Check modules.ini.
L 04/05/2019 - 16:48:43: [admin.amxx] Login: "Main Uppar Waala hoon.<1><STEAM_0:0:841558293><>" became an admin (account "loopback") (access "abcdefghijklmnopqrstu") (address "loopback")
L 04/05/2019 - 16:48:45: [admin.amxx] Login: "Main Uppar Waala hoon.<1><STEAM_0:0:841558293><>" became an admin (account "loopback") (access "abcdefghijklmnopqrstu") (address "loopback")
