L 11/02/2018 - 23:18:07: -------- Mapchange to $1000$ --------
L 11/02/2018 - 23:18:09: [admin.amxx] Login: "</Scorpion><1><STEAM_0:0:613147437><>" became an admin (account "loopback") (access "abcdefghijklmnopqrstu") (address "loopback")
L 11/02/2018 - 23:18:11: [admin.amxx] Login: "</Scorpion><1><STEAM_0:0:613147437><>" became an admin (account "loopback") (access "abcdefghijklmnopqrstu") (address "loopback")
L 11/02/2018 - 23:19:58: -------- Mapchange to $1000$ --------
L 11/02/2018 - 23:24:44: -------- Mapchange to $1000$ --------
L 11/02/2018 - 23:24:46: [admin.amxx] Login: "</Scorpion><1><STEAM_0:0:613147437><>" became an admin (account "loopback") (access "abcdefghijklmnopqrstu") (address "loopback")
L 11/02/2018 - 23:24:48: [admin.amxx] Login: "</Scorpion><1><STEAM_0:0:613147437><>" became an admin (account "loopback") (access "abcdefghijklmnopqrstu") (address "loopback")
L 11/02/2018 - 23:25:20: -------- Mapchange to 35hp --------
L 11/02/2018 - 23:25:21: [admin.amxx] Login: "</Scorpion><11><STEAM_0:0:613147437><>" became an admin (account "loopback") (access "abcdefghijklmnopqrstu") (address "loopback")
L 11/02/2018 - 23:25:23: [admin.amxx] Login: "</Scorpion><11><STEAM_0:0:613147437><>" became an admin (account "loopback") (access "abcdefghijklmnopqrstu") (address "loopback")
L 11/02/2018 - 23:32:04: -------- Mapchange to $1000$ --------
L 11/02/2018 - 23:32:05: [CSX] Could not load csstats file: cstrike\
L 11/02/2018 - 23:33:43: -------- Mapchange to 35hp --------
L 11/02/2018 - 23:33:43: [CSX] Could not load csstats file: cstrike\
L 11/02/2018 - 23:33:45: [admin.amxx] Login: "</Scorpion><1><STEAM_0:0:613147437><>" became an admin (account "loopback") (access "abcdefghijklmnopqrstu") (address "loopback")
L 11/02/2018 - 23:33:46: [admin.amxx] Login: "</Scorpion><1><STEAM_0:0:613147437><>" became an admin (account "loopback") (access "abcdefghijklmnopqrstu") (address "loopback")
L 11/02/2018 - 23:34:18: -------- Mapchange to $1000$ --------
L 11/02/2018 - 23:34:19: [admin.amxx] Login: "</Scorpion><11><STEAM_0:0:613147437><>" became an admin (account "loopback") (access "abcdefghijklmnopqrstu") (address "loopback")
L 11/02/2018 - 23:34:20: [admin.amxx] Login: "</Scorpion><11><STEAM_0:0:613147437><>" became an admin (account "loopback") (access "abcdefghijklmnopqrstu") (address "loopback")
L 11/02/2018 - 23:38:36: -------- Mapchange to $1000$ --------
L 11/02/2018 - 23:38:36: [CSX] Could not load csstats file: cstrike\
L 11/02/2018 - 23:44:59: -------- Mapchange to $1000$ --------
L 11/02/2018 - 23:44:59: [CSX] Could not load csstats file: cstrike\
L 11/02/2018 - 23:46:10: -------- Mapchange to $1000$ --------
L 11/02/2018 - 23:46:10: [CSX] Could not load csstats file: cstrike\
L 11/02/2018 - 23:47:30: -------- Mapchange to $1000$ --------
L 11/02/2018 - 23:47:30: [CSX] Could not load csstats file: cstrike\
L 11/02/2018 - 23:52:10: -------- Mapchange to $1000$ --------
L 11/02/2018 - 23:52:10: [CSX] Could not load csstats file: cstrike\
L 11/02/2018 - 23:56:51: -------- Mapchange to de_aztec --------
L 11/02/2018 - 23:57:05: -------- Mapchange to de_dust2 --------
