L 05/09/2019 - 09:49:54: -------- Mapchange to $1000$ --------
L 05/09/2019 - 09:49:54: [CSX] Could not load csstats file: cstrike\
L 05/09/2019 - 09:49:55: [AMXX] Plugin "axn_bhop.amxx" failed to load: Module/Library "orpheu" required for plugin.  Check modules.ini.
L 05/09/2019 - 09:50:09: [admin.amxx] Login: "Main Uppar Waala hoon.<1><STEAM_0:0:560660266><>" became an admin (account "loopback") (access "abcdefghijklmnopqrstu") (address "loopback")
L 05/09/2019 - 09:50:15: [admin.amxx] Login: "Main Uppar Waala hoon.<1><STEAM_0:0:560660266><>" became an admin (account "loopback") (access "abcdefghijklmnopqrstu") (address "loopback")
L 05/09/2019 - 10:01:00: -------- Mapchange to $1000$ --------
L 05/09/2019 - 10:01:01: [CSX] Could not load csstats file: cstrike\
L 05/09/2019 - 10:01:01: [AMXX] Plugin "axn_bhop.amxx" failed to load: Module/Library "orpheu" required for plugin.  Check modules.ini.
L 05/09/2019 - 10:01:16: [admin.amxx] Login: "Main Uppar Waala hoon.<1><STEAM_0:0:841558293><>" became an admin (account "loopback") (access "abcdefghijklmnopqrstu") (address "loopback")
L 05/09/2019 - 10:01:22: [admin.amxx] Login: "Main Uppar Waala hoon.<1><STEAM_0:0:841558293><>" became an admin (account "loopback") (access "abcdefghijklmnopqrstu") (address "loopback")
L 05/09/2019 - 10:12:21: [mapchooser.amxx] Vote: Voting for the nextmap started
L 05/09/2019 - 10:12:36: [mapchooser.amxx] Vote: Voting for the nextmap finished. The nextmap will be 3d_aim_dust2
L 05/09/2019 - 10:13:27: -------- Mapchange to 3d_aim_dust2 --------
L 05/09/2019 - 10:13:27: [AMXX] Plugin "axn_bhop.amxx" failed to load: Module/Library "orpheu" required for plugin.  Check modules.ini.
L 05/09/2019 - 10:13:28: [admin.amxx] Login: "Main Uppar Waala hoon.<1><STEAM_0:0:841558293><>" became an admin (account "loopback") (access "abcdefghijklmnopqrstu") (address "loopback")
L 05/09/2019 - 10:13:30: [admin.amxx] Login: "Main Uppar Waala hoon.<1><STEAM_0:0:841558293><>" became an admin (account "loopback") (access "abcdefghijklmnopqrstu") (address "loopback")
L 05/09/2019 - 10:23:58: -------- Mapchange to 3d_aim_dust2 --------
L 05/09/2019 - 10:23:59: [CSX] Could not load csstats file: cstrike\
L 05/09/2019 - 10:23:59: [AMXX] Plugin "axn_bhop.amxx" failed to load: Module/Library "orpheu" required for plugin.  Check modules.ini.
L 05/09/2019 - 10:24:14: [admin.amxx] Login: "Main Uppar Waala hoon.<1><STEAM_0:0:841558293><>" became an admin (account "loopback") (access "abcdefghijklmnopqrstu") (address "loopback")
L 05/09/2019 - 10:24:20: [admin.amxx] Login: "Main Uppar Waala hoon.<1><STEAM_0:0:841558293><>" became an admin (account "loopback") (access "abcdefghijklmnopqrstu") (address "loopback")
L 05/09/2019 - 10:43:04: [mapchooser.amxx] Vote: Voting for the nextmap started
L 05/09/2019 - 10:43:19: [mapchooser.amxx] Vote: Voting for the nextmap finished. The nextmap will be aa_dima2
L 05/09/2019 - 10:45:38: -------- Mapchange to aa_dima2 --------
L 05/09/2019 - 10:45:38: [AMXX] Plugin "axn_bhop.amxx" failed to load: Module/Library "orpheu" required for plugin.  Check modules.ini.
L 05/09/2019 - 10:45:39: [admin.amxx] Login: "Main Uppar Waala hoon.<1><STEAM_0:0:841558293><>" became an admin (account "loopback") (access "abcdefghijklmnopqrstu") (address "loopback")
L 05/09/2019 - 10:45:41: [admin.amxx] Login: "Main Uppar Waala hoon.<1><STEAM_0:0:841558293><>" became an admin (account "loopback") (access "abcdefghijklmnopqrstu") (address "loopback")
L 05/09/2019 - 10:49:47: -------- Mapchange to 3d_aim_dust2 --------
L 05/09/2019 - 10:49:47: [AMXX] Plugin "axn_bhop.amxx" failed to load: Module/Library "orpheu" required for plugin.  Check modules.ini.
L 05/09/2019 - 10:49:48: [admin.amxx] Login: "Main Uppar Waala hoon.<1><STEAM_0:0:841558293><>" became an admin (account "loopback") (access "abcdefghijklmnopqrstu") (address "loopback")
L 05/09/2019 - 10:49:49: [admin.amxx] Login: "Main Uppar Waala hoon.<1><STEAM_0:0:841558293><>" became an admin (account "loopback") (access "abcdefghijklmnopqrstu") (address "loopback")
L 05/09/2019 - 11:04:20: -------- Mapchange to 3d_aim_dust2 --------
L 05/09/2019 - 11:04:21: [CSX] Could not load csstats file: cstrike\
L 05/09/2019 - 11:04:22: [AMXX] Plugin "axn_bhop.amxx" failed to load: Module/Library "orpheu" required for plugin.  Check modules.ini.
L 05/09/2019 - 11:04:40: [admin.amxx] Login: "Main Uppar Waala hoon.<1><STEAM_0:0:560660266><>" became an admin (account "loopback") (access "abcdefghijklmnopqrstu") (address "loopback")
L 05/09/2019 - 11:04:46: [admin.amxx] Login: "Main Uppar Waala hoon.<1><STEAM_0:0:560660266><>" became an admin (account "loopback") (access "abcdefghijklmnopqrstu") (address "loopback")
L 05/09/2019 - 11:08:49: -------- Mapchange to 3d_aim_dust2 --------
L 05/09/2019 - 11:08:50: [CSX] Could not load csstats file: cstrike\
L 05/09/2019 - 11:08:50: [AMXX] Plugin "axn_bhop.amxx" failed to load: Module/Library "orpheu" required for plugin.  Check modules.ini.
L 05/09/2019 - 11:09:04: [admin.amxx] Login: "Main Uppar Waala hoon.<1><STEAM_0:0:560660266><>" became an admin (account "loopback") (access "abcdefghijklmnopqrstu") (address "loopback")
L 05/09/2019 - 11:09:10: [admin.amxx] Login: "Main Uppar Waala hoon.<1><STEAM_0:0:560660266><>" became an admin (account "loopback") (access "abcdefghijklmnopqrstu") (address "loopback")
L 05/09/2019 - 11:28:55: [mapchooser.amxx] Vote: Voting for the nextmap started
L 05/09/2019 - 11:29:10: [mapchooser.amxx] Vote: Voting for the nextmap finished. The nextmap will be 1hp
L 05/09/2019 - 11:29:36: -------- Mapchange to aa_dima2 --------
L 05/09/2019 - 11:29:36: [AMXX] Plugin "axn_bhop.amxx" failed to load: Module/Library "orpheu" required for plugin.  Check modules.ini.
L 05/09/2019 - 11:29:37: [admin.amxx] Login: "Main Uppar Waala hoon.<1><STEAM_0:0:560660266><>" became an admin (account "loopback") (access "abcdefghijklmnopqrstu") (address "loopback")
L 05/09/2019 - 11:29:39: [admin.amxx] Login: "Main Uppar Waala hoon.<1><STEAM_0:0:560660266><>" became an admin (account "loopback") (access "abcdefghijklmnopqrstu") (address "loopback")
L 05/09/2019 - 11:41:52: [mapchooser.amxx] Vote: Voting for the nextmap started
L 05/09/2019 - 11:42:07: [mapchooser.amxx] Vote: Voting for the nextmap finished. The nextmap will be $2000$
L 05/09/2019 - 11:42:55: -------- Mapchange to $2000$ --------
L 05/09/2019 - 11:42:55: [AMXX] Plugin "axn_bhop.amxx" failed to load: Module/Library "orpheu" required for plugin.  Check modules.ini.
L 05/09/2019 - 11:42:56: [admin.amxx] Login: "Main Uppar Waala hoon.<1><STEAM_0:0:560660266><>" became an admin (account "loopback") (access "abcdefghijklmnopqrstu") (address "loopback")
L 05/09/2019 - 11:44:45: -------- Mapchange to 3d_aim_dust2 --------
L 05/09/2019 - 11:44:45: [CSX] Could not load csstats file: cstrike\
L 05/09/2019 - 11:44:45: [AMXX] Plugin "axn_bhop.amxx" failed to load: Module/Library "orpheu" required for plugin.  Check modules.ini.
L 05/09/2019 - 11:44:47: [admin.amxx] Login: "Main Uppar Waala hoon.<1><STEAM_0:0:560660266><>" became an admin (account "loopback") (access "abcdefghijklmnopqrstu") (address "loopback")
L 05/09/2019 - 11:44:48: [admin.amxx] Login: "Main Uppar Waala hoon.<1><STEAM_0:0:560660266><>" became an admin (account "loopback") (access "abcdefghijklmnopqrstu") (address "loopback")
L 05/09/2019 - 12:04:32: -------- Mapchange to 3d_aim_dust2 --------
L 05/09/2019 - 12:04:32: [AMXX] Plugin "axn_bhop.amxx" failed to load: Module/Library "orpheu" required for plugin.  Check modules.ini.
L 05/09/2019 - 12:04:33: [admin.amxx] Login: "Main Uppar Waala hoon.<11><STEAM_0:0:560660266><>" became an admin (account "loopback") (access "abcdefghijklmnopqrstu") (address "loopback")
L 05/09/2019 - 12:04:34: [admin.amxx] Login: "Main Uppar Waala hoon.<11><STEAM_0:0:560660266><>" became an admin (account "loopback") (access "abcdefghijklmnopqrstu") (address "loopback")
L 05/09/2019 - 12:06:03: -------- Mapchange to 3d_aim_dust2 --------
L 05/09/2019 - 12:06:03: [CSX] Could not load csstats file: cstrike\
L 05/09/2019 - 12:06:03: [AMXX] Plugin "axn_bhop.amxx" failed to load: Module/Library "orpheu" required for plugin.  Check modules.ini.
L 05/09/2019 - 12:06:04: [admin.amxx] Login: "Main Uppar Waala hoon.<1><STEAM_0:0:560660266><>" became an admin (account "loopback") (access "abcdefghijklmnopqrstu") (address "loopback")
L 05/09/2019 - 12:06:05: [admin.amxx] Login: "Main Uppar Waala hoon.<1><STEAM_0:0:560660266><>" became an admin (account "loopback") (access "abcdefghijklmnopqrstu") (address "loopback")
L 05/09/2019 - 12:18:54: -------- Mapchange to $1000$ --------
L 05/09/2019 - 12:18:54: [AMXX] Plugin "axn_bhop.amxx" failed to load: Module/Library "orpheu" required for plugin.  Check modules.ini.
L 05/09/2019 - 12:18:55: [admin.amxx] Login: "Main Uppar Waala hoon.<1><STEAM_0:0:560660266><>" became an admin (account "loopback") (access "abcdefghijklmnopqrstu") (address "loopback")
L 05/09/2019 - 12:18:57: [admin.amxx] Login: "Main Uppar Waala hoon.<1><STEAM_0:0:560660266><>" became an admin (account "loopback") (access "abcdefghijklmnopqrstu") (address "loopback")
L 05/09/2019 - 12:29:50: [adminchat.amxx] Chat: "Main Uppar Waala hoon.<1><STEAM_0:0:560660266><>" say "I would be rebooting server n 1 minute"
L 05/09/2019 - 12:29:57: [adminchat.amxx] Chat: "Main Uppar Waala hoon.<1><STEAM_0:0:560660266><>" say "I would be rebooting server n 1 minute "
L 05/09/2019 - 12:30:40: [adminchat.amxx] Chat: "Main Uppar Waala hoon.<1><STEAM_0:0:560660266><>" say "I would be rebooting server n 10 secs"
L 05/09/2019 - 12:31:03: [adminchat.amxx] Chat: "Main Uppar Waala hoon.<1><STEAM_0:0:560660266><>" say "server may be down for 1 minute during reboot"
L 05/09/2019 - 12:31:15: [amx_super-serious.amxx] [AMX_Super] Cmd: "Main Uppar Waala hoon.<1><STEAM_0:0:560660266>" initiate restart
L 05/09/2019 - 12:31:20: -------- Mapchange to $1000$ --------
L 05/09/2019 - 12:31:20: [AMXX] Plugin "axn_bhop.amxx" failed to load: Module/Library "orpheu" required for plugin.  Check modules.ini.
L 05/09/2019 - 12:31:21: [admin.amxx] Login: "Main Uppar Waala hoon.<11><STEAM_0:0:560660266><>" became an admin (account "loopback") (access "abcdefghijklmnopqrstu") (address "loopback")
L 05/09/2019 - 12:31:22: [admin.amxx] Login: "Main Uppar Waala hoon.<11><STEAM_0:0:560660266><>" became an admin (account "loopback") (access "abcdefghijklmnopqrstu") (address "loopback")
L 05/09/2019 - 12:34:28: [adminchat.amxx] Chat: "Main Uppar Waala hoon.<11><STEAM_0:0:560660266><>" say "server may be down for 1 minute during reboot "
L 05/09/2019 - 12:34:31: [adminchat.amxx] Chat: "Main Uppar Waala hoon.<11><STEAM_0:0:560660266><>" say "I would be rebooting server n 10 secs "
L 05/09/2019 - 12:34:33: [adminchat.amxx] Chat: "Main Uppar Waala hoon.<11><STEAM_0:0:560660266><>" say "server may be down for 1 minute during reboot "
L 05/09/2019 - 12:36:04: -------- Mapchange to 3d_aim_dust2 --------
L 05/09/2019 - 12:36:04: [CSX] Could not load csstats file: cstrike\
L 05/09/2019 - 12:36:04: [AMXX] Plugin "axn_bhop.amxx" failed to load: Module/Library "orpheu" required for plugin.  Check modules.ini.
L 05/09/2019 - 12:36:05: [admin.amxx] Login: "Main Uppar Waala hoon.<1><STEAM_0:0:560660266><>" became an admin (account "loopback") (access "abcdefghijklmnopqrstu") (address "loopback")
L 05/09/2019 - 12:36:06: [admin.amxx] Login: "Main Uppar Waala hoon.<1><STEAM_0:0:560660266><>" became an admin (account "loopback") (access "abcdefghijklmnopqrstu") (address "loopback")
L 05/09/2019 - 12:49:19: [mapchooser.amxx] Vote: Voting for the nextmap started
L 05/09/2019 - 12:49:34: [mapchooser.amxx] Vote: Voting for the nextmap finished. The nextmap will be aa_dima2
L 05/09/2019 - 12:51:59: -------- Mapchange to aa_dima2 --------
L 05/09/2019 - 12:51:59: [AMXX] Plugin "axn_bhop.amxx" failed to load: Module/Library "orpheu" required for plugin.  Check modules.ini.
L 05/09/2019 - 12:52:00: [admin.amxx] Login: "Main Uppar Waala hoon.<1><STEAM_0:0:560660266><>" became an admin (account "loopback") (access "abcdefghijklmnopqrstu") (address "loopback")
L 05/09/2019 - 12:52:01: [admin.amxx] Login: "Main Uppar Waala hoon.<1><STEAM_0:0:560660266><>" became an admin (account "loopback") (access "abcdefghijklmnopqrstu") (address "loopback")
L 05/09/2019 - 12:52:46: -------- Mapchange to 3d_aim_dust2 --------
L 05/09/2019 - 12:52:46: [AMXX] Plugin "axn_bhop.amxx" failed to load: Module/Library "orpheu" required for plugin.  Check modules.ini.
L 05/09/2019 - 12:52:46: [admin.amxx] Login: "Main Uppar Waala hoon.<1><STEAM_0:0:560660266><>" became an admin (account "loopback") (access "abcdefghijklmnopqrstu") (address "loopback")
L 05/09/2019 - 12:52:48: [admin.amxx] Login: "Main Uppar Waala hoon.<1><STEAM_0:0:560660266><>" became an admin (account "loopback") (access "abcdefghijklmnopqrstu") (address "loopback")
L 05/09/2019 - 13:06:31: [mapchooser.amxx] Vote: Voting for the nextmap started
L 05/09/2019 - 13:06:46: [mapchooser.amxx] Vote: Voting for the nextmap finished. The nextmap will be $1000$
L 05/09/2019 - 13:07:30: -------- Mapchange to $1000$ --------
L 05/09/2019 - 13:07:30: [AMXX] Plugin "axn_bhop.amxx" failed to load: Module/Library "orpheu" required for plugin.  Check modules.ini.
L 05/09/2019 - 13:07:31: [admin.amxx] Login: "Main Uppar Waala hoon.<1><STEAM_0:0:560660266><>" became an admin (account "loopback") (access "abcdefghijklmnopqrstu") (address "loopback")
L 05/09/2019 - 13:07:32: [admin.amxx] Login: "Main Uppar Waala hoon.<1><STEAM_0:0:560660266><>" became an admin (account "loopback") (access "abcdefghijklmnopqrstu") (address "loopback")
L 05/09/2019 - 13:17:15: [mapchooser.amxx] Vote: Voting for the nextmap started
L 05/09/2019 - 13:17:30: [mapchooser.amxx] Vote: Voting for the nextmap finished. The nextmap will be aa_dima2
L 05/09/2019 - 13:18:25: -------- Mapchange to aa_dima2 --------
L 05/09/2019 - 13:18:25: [AMXX] Plugin "axn_bhop.amxx" failed to load: Module/Library "orpheu" required for plugin.  Check modules.ini.
L 05/09/2019 - 13:18:26: [admin.amxx] Login: "Main Uppar Waala hoon.<1><STEAM_0:0:560660266><>" became an admin (account "loopback") (access "abcdefghijklmnopqrstu") (address "loopback")
L 05/09/2019 - 13:18:27: [admin.amxx] Login: "Main Uppar Waala hoon.<1><STEAM_0:0:560660266><>" became an admin (account "loopback") (access "abcdefghijklmnopqrstu") (address "loopback")
