L 05/17/2019 - 00:00:27: Invalid vector string handle provided (0)
L 05/17/2019 - 00:00:27: [AMXX] Run time error 10 (plugin "QuakeSounds.amxx") (native "vformat") - debug not enabled!
L 05/17/2019 - 00:00:27: [AMXX] To enable debug mode, add "debug" after the plugin name in plugins.ini (without quotes).
L 05/17/2019 - 00:00:38: Invalid vector string handle provided (0)
L 05/17/2019 - 00:00:38: [AMXX] Run time error 10 (plugin "QuakeSounds.amxx") (native "vformat") - debug not enabled!
L 05/17/2019 - 00:00:38: [AMXX] To enable debug mode, add "debug" after the plugin name in plugins.ini (without quotes).
L 05/17/2019 - 00:01:31: Start of error session.
L 05/17/2019 - 00:01:31: Info (map "aa_dima2") (file "addons/amxmodx/logs/error_20190517.log")
L 05/17/2019 - 00:01:31: [AMXX] Plugin file open error (plugin "admin_slash.amxx")
L 05/17/2019 - 00:02:46: Invalid vector string handle provided (0)
L 05/17/2019 - 00:02:46: [AMXX] Run time error 10 (plugin "QuakeSounds.amxx") (native "vformat") - debug not enabled!
L 05/17/2019 - 00:02:46: [AMXX] To enable debug mode, add "debug" after the plugin name in plugins.ini (without quotes).
L 05/17/2019 - 00:03:39: Invalid vector string handle provided (0)
L 05/17/2019 - 00:03:39: [AMXX] Run time error 10 (plugin "QuakeSounds.amxx") (native "vformat") - debug not enabled!
L 05/17/2019 - 00:03:39: [AMXX] To enable debug mode, add "debug" after the plugin name in plugins.ini (without quotes).
L 05/17/2019 - 00:04:20: Invalid vector string handle provided (0)
L 05/17/2019 - 00:04:20: [AMXX] Run time error 10 (plugin "QuakeSounds.amxx") (native "vformat") - debug not enabled!
L 05/17/2019 - 00:04:20: [AMXX] To enable debug mode, add "debug" after the plugin name in plugins.ini (without quotes).
L 05/17/2019 - 00:04:23: Invalid vector string handle provided (0)
L 05/17/2019 - 00:04:23: [AMXX] Run time error 10 (plugin "QuakeSounds.amxx") (native "vformat") - debug not enabled!
L 05/17/2019 - 00:04:23: [AMXX] To enable debug mode, add "debug" after the plugin name in plugins.ini (without quotes).
L 05/17/2019 - 00:04:33: Invalid vector string handle provided (0)
L 05/17/2019 - 00:04:33: [AMXX] Run time error 10 (plugin "QuakeSounds.amxx") (native "vformat") - debug not enabled!
L 05/17/2019 - 00:04:33: [AMXX] To enable debug mode, add "debug" after the plugin name in plugins.ini (without quotes).
L 05/17/2019 - 00:04:53: Invalid vector string handle provided (0)
L 05/17/2019 - 00:04:53: [AMXX] Run time error 10 (plugin "QuakeSounds.amxx") (native "vformat") - debug not enabled!
L 05/17/2019 - 00:04:53: [AMXX] To enable debug mode, add "debug" after the plugin name in plugins.ini (without quotes).
L 05/17/2019 - 00:05:18: Invalid vector string handle provided (0)
L 05/17/2019 - 00:05:18: [AMXX] Run time error 10 (plugin "QuakeSounds.amxx") (native "vformat") - debug not enabled!
L 05/17/2019 - 00:05:18: [AMXX] To enable debug mode, add "debug" after the plugin name in plugins.ini (without quotes).
L 05/17/2019 - 00:05:52: Invalid vector string handle provided (0)
L 05/17/2019 - 00:05:52: [AMXX] Run time error 10 (plugin "QuakeSounds.amxx") (native "vformat") - debug not enabled!
L 05/17/2019 - 00:05:52: [AMXX] To enable debug mode, add "debug" after the plugin name in plugins.ini (without quotes).
L 05/17/2019 - 00:06:14: Invalid vector string handle provided (0)
L 05/17/2019 - 00:06:14: [AMXX] Run time error 10 (plugin "QuakeSounds.amxx") (native "vformat") - debug not enabled!
L 05/17/2019 - 00:06:14: [AMXX] To enable debug mode, add "debug" after the plugin name in plugins.ini (without quotes).
L 05/17/2019 - 00:06:24: Invalid vector string handle provided (0)
L 05/17/2019 - 00:06:24: [AMXX] Run time error 10 (plugin "QuakeSounds.amxx") (native "vformat") - debug not enabled!
L 05/17/2019 - 00:06:24: [AMXX] To enable debug mode, add "debug" after the plugin name in plugins.ini (without quotes).
L 05/17/2019 - 00:07:00: Invalid vector string handle provided (0)
L 05/17/2019 - 00:07:00: [AMXX] Run time error 10 (plugin "QuakeSounds.amxx") (native "vformat") - debug not enabled!
L 05/17/2019 - 00:07:00: [AMXX] To enable debug mode, add "debug" after the plugin name in plugins.ini (without quotes).
L 05/17/2019 - 00:07:06: Invalid vector string handle provided (0)
L 05/17/2019 - 00:07:06: [AMXX] Run time error 10 (plugin "QuakeSounds.amxx") (native "vformat") - debug not enabled!
L 05/17/2019 - 00:07:06: [AMXX] To enable debug mode, add "debug" after the plugin name in plugins.ini (without quotes).
L 05/17/2019 - 00:07:49: Invalid vector string handle provided (0)
L 05/17/2019 - 00:07:49: [AMXX] Run time error 10 (plugin "QuakeSounds.amxx") (native "vformat") - debug not enabled!
L 05/17/2019 - 00:07:49: [AMXX] To enable debug mode, add "debug" after the plugin name in plugins.ini (without quotes).
L 05/17/2019 - 00:09:19: Invalid vector string handle provided (0)
L 05/17/2019 - 00:09:19: [AMXX] Run time error 10 (plugin "QuakeSounds.amxx") (native "vformat") - debug not enabled!
L 05/17/2019 - 00:09:19: [AMXX] To enable debug mode, add "debug" after the plugin name in plugins.ini (without quotes).
L 05/17/2019 - 00:09:41: Invalid vector string handle provided (0)
L 05/17/2019 - 00:09:41: [AMXX] Run time error 10 (plugin "QuakeSounds.amxx") (native "vformat") - debug not enabled!
L 05/17/2019 - 00:09:41: [AMXX] To enable debug mode, add "debug" after the plugin name in plugins.ini (without quotes).
L 05/17/2019 - 00:10:02: Invalid vector string handle provided (0)
L 05/17/2019 - 00:10:02: [AMXX] Run time error 10 (plugin "QuakeSounds.amxx") (native "vformat") - debug not enabled!
L 05/17/2019 - 00:10:02: [AMXX] To enable debug mode, add "debug" after the plugin name in plugins.ini (without quotes).
L 05/17/2019 - 00:10:19: Invalid vector string handle provided (0)
L 05/17/2019 - 00:10:19: [AMXX] Run time error 10 (plugin "QuakeSounds.amxx") (native "vformat") - debug not enabled!
L 05/17/2019 - 00:10:19: [AMXX] To enable debug mode, add "debug" after the plugin name in plugins.ini (without quotes).
L 05/17/2019 - 00:10:19: Invalid vector string handle provided (0)
L 05/17/2019 - 00:10:19: [AMXX] Run time error 10 (plugin "QuakeSounds.amxx") (native "vformat") - debug not enabled!
L 05/17/2019 - 00:10:19: [AMXX] To enable debug mode, add "debug" after the plugin name in plugins.ini (without quotes).
L 05/17/2019 - 00:10:30: Invalid vector string handle provided (0)
L 05/17/2019 - 00:10:30: [AMXX] Run time error 10 (plugin "QuakeSounds.amxx") (native "vformat") - debug not enabled!
L 05/17/2019 - 00:10:30: [AMXX] To enable debug mode, add "debug" after the plugin name in plugins.ini (without quotes).
L 05/17/2019 - 00:10:36: Invalid vector string handle provided (0)
L 05/17/2019 - 00:10:36: [AMXX] Run time error 10 (plugin "QuakeSounds.amxx") (native "vformat") - debug not enabled!
L 05/17/2019 - 00:10:36: [AMXX] To enable debug mode, add "debug" after the plugin name in plugins.ini (without quotes).
L 05/17/2019 - 00:11:25: Invalid vector string handle provided (0)
L 05/17/2019 - 00:11:25: [AMXX] Run time error 10 (plugin "QuakeSounds.amxx") (native "vformat") - debug not enabled!
L 05/17/2019 - 00:11:25: [AMXX] To enable debug mode, add "debug" after the plugin name in plugins.ini (without quotes).
L 05/17/2019 - 00:12:22: Invalid vector string handle provided (0)
L 05/17/2019 - 00:12:22: [AMXX] Run time error 10 (plugin "QuakeSounds.amxx") (native "vformat") - debug not enabled!
L 05/17/2019 - 00:12:22: [AMXX] To enable debug mode, add "debug" after the plugin name in plugins.ini (without quotes).
L 05/17/2019 - 00:12:55: Invalid vector string handle provided (0)
L 05/17/2019 - 00:12:55: [AMXX] Run time error 10 (plugin "QuakeSounds.amxx") (native "vformat") - debug not enabled!
L 05/17/2019 - 00:12:55: [AMXX] To enable debug mode, add "debug" after the plugin name in plugins.ini (without quotes).
L 05/17/2019 - 00:12:55: Invalid vector string handle provided (0)
L 05/17/2019 - 00:12:55: [AMXX] Run time error 10 (plugin "QuakeSounds.amxx") (native "vformat") - debug not enabled!
L 05/17/2019 - 00:12:55: [AMXX] To enable debug mode, add "debug" after the plugin name in plugins.ini (without quotes).
L 05/17/2019 - 00:13:15: Start of error session.
L 05/17/2019 - 00:13:15: Info (map "$1000$") (file "addons/amxmodx/logs/error_20190517.log")
L 05/17/2019 - 00:13:15: [AMXX] Plugin file open error (plugin "admin_slash.amxx")
L 05/17/2019 - 00:13:57: Invalid vector string handle provided (0)
L 05/17/2019 - 00:13:57: [AMXX] Run time error 10 (plugin "QuakeSounds.amxx") (native "vformat") - debug not enabled!
L 05/17/2019 - 00:13:57: [AMXX] To enable debug mode, add "debug" after the plugin name in plugins.ini (without quotes).
L 05/17/2019 - 00:13:57: Invalid vector string handle provided (0)
L 05/17/2019 - 00:13:57: [AMXX] Run time error 10 (plugin "QuakeSounds.amxx") (native "vformat") - debug not enabled!
L 05/17/2019 - 00:13:57: [AMXX] To enable debug mode, add "debug" after the plugin name in plugins.ini (without quotes).
L 05/17/2019 - 00:14:13: Invalid vector string handle provided (0)
L 05/17/2019 - 00:14:13: [AMXX] Run time error 10 (plugin "QuakeSounds.amxx") (native "vformat") - debug not enabled!
L 05/17/2019 - 00:14:13: [AMXX] To enable debug mode, add "debug" after the plugin name in plugins.ini (without quotes).
L 05/17/2019 - 00:14:35: Invalid vector string handle provided (0)
L 05/17/2019 - 00:14:35: [AMXX] Run time error 10 (plugin "QuakeSounds.amxx") (native "vformat") - debug not enabled!
L 05/17/2019 - 00:14:35: [AMXX] To enable debug mode, add "debug" after the plugin name in plugins.ini (without quotes).
L 05/17/2019 - 00:14:44: Invalid vector string handle provided (0)
L 05/17/2019 - 00:14:44: [AMXX] Run time error 10 (plugin "QuakeSounds.amxx") (native "vformat") - debug not enabled!
L 05/17/2019 - 00:14:44: [AMXX] To enable debug mode, add "debug" after the plugin name in plugins.ini (without quotes).
L 05/17/2019 - 00:14:54: Invalid vector string handle provided (0)
L 05/17/2019 - 00:14:54: [AMXX] Run time error 10 (plugin "QuakeSounds.amxx") (native "vformat") - debug not enabled!
L 05/17/2019 - 00:14:54: [AMXX] To enable debug mode, add "debug" after the plugin name in plugins.ini (without quotes).
L 05/17/2019 - 00:15:32: Invalid vector string handle provided (0)
L 05/17/2019 - 00:15:32: [AMXX] Run time error 10 (plugin "QuakeSounds.amxx") (native "vformat") - debug not enabled!
L 05/17/2019 - 00:15:32: [AMXX] To enable debug mode, add "debug" after the plugin name in plugins.ini (without quotes).
L 05/17/2019 - 00:15:38: Invalid vector string handle provided (0)
L 05/17/2019 - 00:15:39: [AMXX] Run time error 10 (plugin "QuakeSounds.amxx") (native "vformat") - debug not enabled!
L 05/17/2019 - 00:15:39: [AMXX] To enable debug mode, add "debug" after the plugin name in plugins.ini (without quotes).
L 05/17/2019 - 00:16:08: Invalid vector string handle provided (0)
L 05/17/2019 - 00:16:08: [AMXX] Run time error 10 (plugin "QuakeSounds.amxx") (native "vformat") - debug not enabled!
L 05/17/2019 - 00:16:08: [AMXX] To enable debug mode, add "debug" after the plugin name in plugins.ini (without quotes).
L 05/17/2019 - 00:16:26: Invalid vector string handle provided (0)
L 05/17/2019 - 00:16:26: [AMXX] Run time error 10 (plugin "QuakeSounds.amxx") (native "vformat") - debug not enabled!
L 05/17/2019 - 00:16:26: [AMXX] To enable debug mode, add "debug" after the plugin name in plugins.ini (without quotes).
L 05/17/2019 - 00:16:28: Invalid vector string handle provided (0)
L 05/17/2019 - 00:16:28: [AMXX] Run time error 10 (plugin "QuakeSounds.amxx") (native "vformat") - debug not enabled!
L 05/17/2019 - 00:16:28: [AMXX] To enable debug mode, add "debug" after the plugin name in plugins.ini (without quotes).
L 05/17/2019 - 00:16:40: Invalid vector string handle provided (0)
L 05/17/2019 - 00:16:40: [AMXX] Run time error 10 (plugin "QuakeSounds.amxx") (native "vformat") - debug not enabled!
L 05/17/2019 - 00:16:40: [AMXX] To enable debug mode, add "debug" after the plugin name in plugins.ini (without quotes).
L 05/17/2019 - 00:17:09: Invalid vector string handle provided (0)
L 05/17/2019 - 00:17:09: [AMXX] Run time error 10 (plugin "QuakeSounds.amxx") (native "vformat") - debug not enabled!
L 05/17/2019 - 00:17:09: [AMXX] To enable debug mode, add "debug" after the plugin name in plugins.ini (without quotes).
L 05/17/2019 - 00:17:10: Invalid vector string handle provided (0)
L 05/17/2019 - 00:17:10: [AMXX] Run time error 10 (plugin "QuakeSounds.amxx") (native "vformat") - debug not enabled!
L 05/17/2019 - 00:17:10: [AMXX] To enable debug mode, add "debug" after the plugin name in plugins.ini (without quotes).
L 05/17/2019 - 00:17:44: Invalid vector string handle provided (0)
L 05/17/2019 - 00:17:44: [AMXX] Run time error 10 (plugin "QuakeSounds.amxx") (native "vformat") - debug not enabled!
L 05/17/2019 - 00:17:44: [AMXX] To enable debug mode, add "debug" after the plugin name in plugins.ini (without quotes).
L 05/17/2019 - 00:17:45: Invalid vector string handle provided (0)
L 05/17/2019 - 00:17:45: [AMXX] Run time error 10 (plugin "QuakeSounds.amxx") (native "vformat") - debug not enabled!
L 05/17/2019 - 00:17:45: [AMXX] To enable debug mode, add "debug" after the plugin name in plugins.ini (without quotes).
L 05/17/2019 - 00:17:55: Invalid vector string handle provided (0)
L 05/17/2019 - 00:17:55: [AMXX] Run time error 10 (plugin "QuakeSounds.amxx") (native "vformat") - debug not enabled!
L 05/17/2019 - 00:17:55: [AMXX] To enable debug mode, add "debug" after the plugin name in plugins.ini (without quotes).
L 05/17/2019 - 00:18:54: Invalid vector string handle provided (0)
L 05/17/2019 - 00:18:54: [AMXX] Run time error 10 (plugin "QuakeSounds.amxx") (native "vformat") - debug not enabled!
L 05/17/2019 - 00:18:54: [AMXX] To enable debug mode, add "debug" after the plugin name in plugins.ini (without quotes).
L 05/17/2019 - 00:19:04: Invalid vector string handle provided (0)
L 05/17/2019 - 00:19:04: [AMXX] Run time error 10 (plugin "QuakeSounds.amxx") (native "vformat") - debug not enabled!
L 05/17/2019 - 00:19:04: [AMXX] To enable debug mode, add "debug" after the plugin name in plugins.ini (without quotes).
L 05/17/2019 - 00:19:04: Invalid vector string handle provided (0)
L 05/17/2019 - 00:19:04: [AMXX] Run time error 10 (plugin "QuakeSounds.amxx") (native "vformat") - debug not enabled!
L 05/17/2019 - 00:19:04: [AMXX] To enable debug mode, add "debug" after the plugin name in plugins.ini (without quotes).
L 05/17/2019 - 00:19:09: Invalid vector string handle provided (0)
L 05/17/2019 - 00:19:09: [AMXX] Run time error 10 (plugin "QuakeSounds.amxx") (native "vformat") - debug not enabled!
L 05/17/2019 - 00:19:09: [AMXX] To enable debug mode, add "debug" after the plugin name in plugins.ini (without quotes).
L 05/17/2019 - 00:19:23: Invalid vector string handle provided (0)
L 05/17/2019 - 00:19:23: [AMXX] Run time error 10 (plugin "QuakeSounds.amxx") (native "vformat") - debug not enabled!
L 05/17/2019 - 00:19:23: [AMXX] To enable debug mode, add "debug" after the plugin name in plugins.ini (without quotes).
L 05/17/2019 - 00:19:28: Invalid vector string handle provided (0)
L 05/17/2019 - 00:19:28: [AMXX] Run time error 10 (plugin "QuakeSounds.amxx") (native "vformat") - debug not enabled!
L 05/17/2019 - 00:19:28: [AMXX] To enable debug mode, add "debug" after the plugin name in plugins.ini (without quotes).
L 05/17/2019 - 00:19:47: Invalid vector string handle provided (0)
L 05/17/2019 - 00:19:47: [AMXX] Run time error 10 (plugin "QuakeSounds.amxx") (native "vformat") - debug not enabled!
L 05/17/2019 - 00:19:47: [AMXX] To enable debug mode, add "debug" after the plugin name in plugins.ini (without quotes).
L 05/17/2019 - 00:20:33: Invalid vector string handle provided (0)
L 05/17/2019 - 00:20:33: [AMXX] Run time error 10 (plugin "QuakeSounds.amxx") (native "vformat") - debug not enabled!
L 05/17/2019 - 00:20:33: [AMXX] To enable debug mode, add "debug" after the plugin name in plugins.ini (without quotes).
L 05/17/2019 - 00:21:17: Invalid vector string handle provided (0)
L 05/17/2019 - 00:21:17: [AMXX] Run time error 10 (plugin "QuakeSounds.amxx") (native "vformat") - debug not enabled!
L 05/17/2019 - 00:21:17: [AMXX] To enable debug mode, add "debug" after the plugin name in plugins.ini (without quotes).
L 05/17/2019 - 00:21:18: Invalid vector string handle provided (0)
L 05/17/2019 - 00:21:18: [AMXX] Run time error 10 (plugin "QuakeSounds.amxx") (native "vformat") - debug not enabled!
L 05/17/2019 - 00:21:18: [AMXX] To enable debug mode, add "debug" after the plugin name in plugins.ini (without quotes).
L 05/17/2019 - 00:21:32: Invalid vector string handle provided (0)
L 05/17/2019 - 00:21:32: [AMXX] Run time error 10 (plugin "QuakeSounds.amxx") (native "vformat") - debug not enabled!
L 05/17/2019 - 00:21:32: [AMXX] To enable debug mode, add "debug" after the plugin name in plugins.ini (without quotes).
L 05/17/2019 - 00:21:41: Invalid vector string handle provided (0)
L 05/17/2019 - 00:21:41: [AMXX] Run time error 10 (plugin "QuakeSounds.amxx") (native "vformat") - debug not enabled!
L 05/17/2019 - 00:21:41: [AMXX] To enable debug mode, add "debug" after the plugin name in plugins.ini (without quotes).
L 05/17/2019 - 00:21:44: Invalid vector string handle provided (0)
L 05/17/2019 - 00:21:44: [AMXX] Run time error 10 (plugin "QuakeSounds.amxx") (native "vformat") - debug not enabled!
L 05/17/2019 - 00:21:44: [AMXX] To enable debug mode, add "debug" after the plugin name in plugins.ini (without quotes).
L 05/17/2019 - 00:21:56: Invalid vector string handle provided (0)
L 05/17/2019 - 00:21:56: [AMXX] Run time error 10 (plugin "QuakeSounds.amxx") (native "vformat") - debug not enabled!
L 05/17/2019 - 00:21:56: [AMXX] To enable debug mode, add "debug" after the plugin name in plugins.ini (without quotes).
L 05/17/2019 - 00:22:06: Invalid vector string handle provided (0)
L 05/17/2019 - 00:22:06: [AMXX] Run time error 10 (plugin "QuakeSounds.amxx") (native "vformat") - debug not enabled!
L 05/17/2019 - 00:22:06: [AMXX] To enable debug mode, add "debug" after the plugin name in plugins.ini (without quotes).
L 05/17/2019 - 00:22:20: Invalid vector string handle provided (0)
L 05/17/2019 - 00:22:20: [AMXX] Run time error 10 (plugin "QuakeSounds.amxx") (native "vformat") - debug not enabled!
L 05/17/2019 - 00:22:20: [AMXX] To enable debug mode, add "debug" after the plugin name in plugins.ini (without quotes).
L 05/17/2019 - 00:22:33: Invalid vector string handle provided (0)
L 05/17/2019 - 00:22:33: [AMXX] Run time error 10 (plugin "QuakeSounds.amxx") (native "vformat") - debug not enabled!
L 05/17/2019 - 00:22:33: [AMXX] To enable debug mode, add "debug" after the plugin name in plugins.ini (without quotes).
L 05/17/2019 - 00:22:49: Invalid vector string handle provided (0)
L 05/17/2019 - 00:22:49: [AMXX] Run time error 10 (plugin "QuakeSounds.amxx") (native "vformat") - debug not enabled!
L 05/17/2019 - 00:22:50: [AMXX] To enable debug mode, add "debug" after the plugin name in plugins.ini (without quotes).
L 05/17/2019 - 00:23:14: Invalid vector string handle provided (0)
L 05/17/2019 - 00:23:14: [AMXX] Run time error 10 (plugin "QuakeSounds.amxx") (native "vformat") - debug not enabled!
L 05/17/2019 - 00:23:14: [AMXX] To enable debug mode, add "debug" after the plugin name in plugins.ini (without quotes).
L 05/17/2019 - 00:23:26: Invalid vector string handle provided (0)
L 05/17/2019 - 00:23:26: [AMXX] Run time error 10 (plugin "QuakeSounds.amxx") (native "vformat") - debug not enabled!
L 05/17/2019 - 00:23:26: [AMXX] To enable debug mode, add "debug" after the plugin name in plugins.ini (without quotes).
L 05/17/2019 - 00:23:47: Invalid vector string handle provided (0)
L 05/17/2019 - 00:23:47: [AMXX] Run time error 10 (plugin "QuakeSounds.amxx") (native "vformat") - debug not enabled!
L 05/17/2019 - 00:23:47: [AMXX] To enable debug mode, add "debug" after the plugin name in plugins.ini (without quotes).
L 05/17/2019 - 00:24:02: Start of error session.
L 05/17/2019 - 00:24:02: Info (map "de_dust2") (file "addons/amxmodx/logs/error_20190517.log")
L 05/17/2019 - 00:24:02: [AMXX] Plugin file open error (plugin "admin_slash.amxx")
L 05/17/2019 - 00:25:48: Invalid vector string handle provided (0)
L 05/17/2019 - 00:25:49: [AMXX] Run time error 10 (plugin "QuakeSounds.amxx") (native "vformat") - debug not enabled!
L 05/17/2019 - 00:25:49: [AMXX] To enable debug mode, add "debug" after the plugin name in plugins.ini (without quotes).
L 05/17/2019 - 00:27:41: Invalid vector string handle provided (0)
L 05/17/2019 - 00:27:41: [AMXX] Run time error 10 (plugin "QuakeSounds.amxx") (native "vformat") - debug not enabled!
L 05/17/2019 - 00:27:41: [AMXX] To enable debug mode, add "debug" after the plugin name in plugins.ini (without quotes).
L 05/17/2019 - 00:28:33: Invalid vector string handle provided (0)
L 05/17/2019 - 00:28:33: [AMXX] Run time error 10 (plugin "QuakeSounds.amxx") (native "vformat") - debug not enabled!
L 05/17/2019 - 00:28:33: [AMXX] To enable debug mode, add "debug" after the plugin name in plugins.ini (without quotes).
L 05/17/2019 - 00:32:13: Invalid vector string handle provided (0)
L 05/17/2019 - 00:32:14: [AMXX] Run time error 10 (plugin "QuakeSounds.amxx") (native "vformat") - debug not enabled!
L 05/17/2019 - 00:32:14: [AMXX] To enable debug mode, add "debug" after the plugin name in plugins.ini (without quotes).
L 05/17/2019 - 00:36:00: Invalid vector string handle provided (0)
L 05/17/2019 - 00:36:00: [AMXX] Run time error 10 (plugin "QuakeSounds.amxx") (native "vformat") - debug not enabled!
L 05/17/2019 - 00:36:00: [AMXX] To enable debug mode, add "debug" after the plugin name in plugins.ini (without quotes).
L 05/17/2019 - 00:37:30: Invalid vector string handle provided (0)
L 05/17/2019 - 00:37:30: [AMXX] Run time error 10 (plugin "QuakeSounds.amxx") (native "vformat") - debug not enabled!
L 05/17/2019 - 00:37:30: [AMXX] To enable debug mode, add "debug" after the plugin name in plugins.ini (without quotes).
L 05/17/2019 - 00:49:31: Start of error session.
L 05/17/2019 - 00:49:31: Info (map "de_dust2") (file "addons/amxmodx/logs/error_20190517.log")
L 05/17/2019 - 00:49:31: [AMXX] Plugin file open error (plugin "admin_slash.amxx")
L 05/17/2019 - 01:15:00: Start of error session.
L 05/17/2019 - 01:15:00: Info (map "de_inferno") (file "addons/amxmodx/logs/error_20190517.log")
L 05/17/2019 - 01:15:00: [AMXX] Plugin file open error (plugin "admin_slash.amxx")
L 05/17/2019 - 01:40:29: Start of error session.
L 05/17/2019 - 01:40:29: Info (map "de_nuke") (file "addons/amxmodx/logs/error_20190517.log")
L 05/17/2019 - 01:40:29: [AMXX] Plugin file open error (plugin "admin_slash.amxx")
L 05/17/2019 - 02:05:58: Start of error session.
L 05/17/2019 - 02:05:58: Info (map "de_train") (file "addons/amxmodx/logs/error_20190517.log")
L 05/17/2019 - 02:05:58: [AMXX] Plugin file open error (plugin "admin_slash.amxx")
L 05/17/2019 - 02:31:27: Start of error session.
L 05/17/2019 - 02:31:27: Info (map "de_aztec") (file "addons/amxmodx/logs/error_20190517.log")
L 05/17/2019 - 02:31:27: [AMXX] Plugin file open error (plugin "admin_slash.amxx")
L 05/17/2019 - 02:56:55: Start of error session.
L 05/17/2019 - 02:56:55: Info (map "de_dust2") (file "addons/amxmodx/logs/error_20190517.log")
L 05/17/2019 - 02:56:55: [AMXX] Plugin file open error (plugin "admin_slash.amxx")
L 05/17/2019 - 03:22:23: Start of error session.
L 05/17/2019 - 03:22:23: Info (map "de_inferno") (file "addons/amxmodx/logs/error_20190517.log")
L 05/17/2019 - 03:22:23: [AMXX] Plugin file open error (plugin "admin_slash.amxx")
L 05/17/2019 - 03:47:51: Start of error session.
L 05/17/2019 - 03:47:51: Info (map "de_nuke") (file "addons/amxmodx/logs/error_20190517.log")
L 05/17/2019 - 03:47:51: [AMXX] Plugin file open error (plugin "admin_slash.amxx")
L 05/17/2019 - 04:13:20: Start of error session.
L 05/17/2019 - 04:13:20: Info (map "de_train") (file "addons/amxmodx/logs/error_20190517.log")
L 05/17/2019 - 04:13:20: [AMXX] Plugin file open error (plugin "admin_slash.amxx")
L 05/17/2019 - 04:38:48: Start of error session.
L 05/17/2019 - 04:38:48: Info (map "de_aztec") (file "addons/amxmodx/logs/error_20190517.log")
L 05/17/2019 - 04:38:48: [AMXX] Plugin file open error (plugin "admin_slash.amxx")
L 05/17/2019 - 05:04:16: Start of error session.
L 05/17/2019 - 05:04:16: Info (map "de_dust2") (file "addons/amxmodx/logs/error_20190517.log")
L 05/17/2019 - 05:04:16: [AMXX] Plugin file open error (plugin "admin_slash.amxx")
L 05/17/2019 - 05:29:45: Start of error session.
L 05/17/2019 - 05:29:45: Info (map "de_inferno") (file "addons/amxmodx/logs/error_20190517.log")
L 05/17/2019 - 05:29:45: [AMXX] Plugin file open error (plugin "admin_slash.amxx")
L 05/17/2019 - 05:55:13: Start of error session.
L 05/17/2019 - 05:55:13: Info (map "de_nuke") (file "addons/amxmodx/logs/error_20190517.log")
L 05/17/2019 - 05:55:13: [AMXX] Plugin file open error (plugin "admin_slash.amxx")
L 05/17/2019 - 06:20:42: Start of error session.
L 05/17/2019 - 06:20:42: Info (map "de_train") (file "addons/amxmodx/logs/error_20190517.log")
L 05/17/2019 - 06:20:42: [AMXX] Plugin file open error (plugin "admin_slash.amxx")
L 05/17/2019 - 06:46:10: Start of error session.
L 05/17/2019 - 06:46:10: Info (map "de_aztec") (file "addons/amxmodx/logs/error_20190517.log")
L 05/17/2019 - 06:46:10: [AMXX] Plugin file open error (plugin "admin_slash.amxx")
L 05/17/2019 - 07:11:38: Start of error session.
L 05/17/2019 - 07:11:38: Info (map "de_dust2") (file "addons/amxmodx/logs/error_20190517.log")
L 05/17/2019 - 07:11:38: [AMXX] Plugin file open error (plugin "admin_slash.amxx")
L 05/17/2019 - 07:37:07: Start of error session.
L 05/17/2019 - 07:37:07: Info (map "de_inferno") (file "addons/amxmodx/logs/error_20190517.log")
L 05/17/2019 - 07:37:07: [AMXX] Plugin file open error (plugin "admin_slash.amxx")
L 05/17/2019 - 16:16:01: Start of error session.
L 05/17/2019 - 16:16:01: Info (map "3d_aim_dust2") (file "addons/amxmodx/logs/error_20190517.log")
L 05/17/2019 - 16:16:01: [AMXX] Plugin file open error (plugin "admin_slash.amxx")
L 05/17/2019 - 16:19:14: Start of error session.
L 05/17/2019 - 16:19:14: Info (map "3d_aim_dust2") (file "addons/amxmodx/logs/error_20190517.log")
L 05/17/2019 - 16:19:14: [AMXX] Plugin file open error (plugin "admin_slash.amxx")
L 05/17/2019 - 16:24:32: Start of error session.
L 05/17/2019 - 16:24:32: Info (map "$1000$") (file "addons/amxmodx/logs/error_20190517.log")
L 05/17/2019 - 16:24:32: [AMXX] Plugin file open error (plugin "admin_slash.amxx")
L 05/17/2019 - 16:55:03: Start of error session.
L 05/17/2019 - 16:55:03: Info (map "de_aztec") (file "addons/amxmodx/logs/error_20190517.log")
L 05/17/2019 - 16:55:03: [AMXX] Plugin file open error (plugin "admin_slash.amxx")
L 05/17/2019 - 17:25:12: Start of error session.
L 05/17/2019 - 17:25:12: Info (map "de_dust2") (file "addons/amxmodx/logs/error_20190517.log")
L 05/17/2019 - 17:25:12: [AMXX] Plugin file open error (plugin "admin_slash.amxx")
