L 04/04/2019 - 12:36:40: Start of error session.
L 04/04/2019 - 12:36:40: Info (map "$1000$") (file "addons/amxmodx/logs/error_20190404.log")
L 04/04/2019 - 12:36:40: [AMXX] Plugin file open error (plugin "admin_slash.amxx")
L 04/04/2019 - 13:13:09: Start of error session.
L 04/04/2019 - 13:13:09: Info (map "$1000$") (file "addons/amxmodx/logs/error_20190404.log")
L 04/04/2019 - 13:13:09: [AMXX] Plugin file open error (plugin "admin_slash.amxx")
L 04/04/2019 - 13:32:31: Start of error session.
L 04/04/2019 - 13:32:31: Info (map "$2000$") (file "addons/amxmodx/logs/error_20190404.log")
L 04/04/2019 - 13:32:31: [AMXX] Plugin file open error (plugin "admin_slash.amxx")
L 04/04/2019 - 13:39:07: Start of error session.
L 04/04/2019 - 13:39:07: Info (map "aa_dima2") (file "addons/amxmodx/logs/error_20190404.log")
L 04/04/2019 - 13:39:07: [AMXX] Plugin file open error (plugin "admin_slash.amxx")
L 04/04/2019 - 13:47:28: Start of error session.
L 04/04/2019 - 13:47:28: Info (map "3D_AIM_DUST2") (file "addons/amxmodx/logs/error_20190404.log")
L 04/04/2019 - 13:47:28: [AMXX] Plugin file open error (plugin "admin_slash.amxx")
L 04/04/2019 - 13:55:18: Start of error session.
L 04/04/2019 - 13:55:18: Info (map "de_nuke") (file "addons/amxmodx/logs/error_20190404.log")
L 04/04/2019 - 13:55:18: [AMXX] Plugin file open error (plugin "admin_slash.amxx")
L 04/04/2019 - 13:55:37: Start of error session.
L 04/04/2019 - 13:55:37: Info (map "3D_AIM_DUST2") (file "addons/amxmodx/logs/error_20190404.log")
L 04/04/2019 - 13:55:37: [AMXX] Plugin file open error (plugin "admin_slash.amxx")
L 04/04/2019 - 14:04:00: Start of error session.
L 04/04/2019 - 14:04:00: Info (map "aa_dima2") (file "addons/amxmodx/logs/error_20190404.log")
L 04/04/2019 - 14:04:00: [AMXX] Plugin file open error (plugin "admin_slash.amxx")
L 04/04/2019 - 14:10:58: Start of error session.
L 04/04/2019 - 14:10:58: Info (map "de_dust2night") (file "addons/amxmodx/logs/error_20190404.log")
L 04/04/2019 - 14:10:58: [AMXX] Plugin file open error (plugin "admin_slash.amxx")
L 04/04/2019 - 14:11:41: Start of error session.
L 04/04/2019 - 14:11:41: Info (map "$1000$") (file "addons/amxmodx/logs/error_20190404.log")
L 04/04/2019 - 14:11:41: [AMXX] Plugin file open error (plugin "admin_slash.amxx")
L 04/04/2019 - 14:17:32: Start of error session.
L 04/04/2019 - 14:17:32: Info (map "de_nuke") (file "addons/amxmodx/logs/error_20190404.log")
L 04/04/2019 - 14:17:32: [AMXX] Plugin file open error (plugin "admin_slash.amxx")
L 04/04/2019 - 14:19:20: Start of error session.
L 04/04/2019 - 14:19:20: Info (map "35HP") (file "addons/amxmodx/logs/error_20190404.log")
L 04/04/2019 - 14:19:20: [AMXX] Plugin file open error (plugin "admin_slash.amxx")
L 04/04/2019 - 14:54:36: Start of error session.
L 04/04/2019 - 14:54:36: Info (map "1hp") (file "addons/amxmodx/logs/error_20190404.log")
L 04/04/2019 - 14:54:36: [AMXX] Plugin file open error (plugin "admin_slash.amxx")
L 04/04/2019 - 14:55:28: Start of error session.
L 04/04/2019 - 14:55:28: Info (map "1hp") (file "addons/amxmodx/logs/error_20190404.log")
L 04/04/2019 - 14:55:28: [AMXX] Plugin file open error (plugin "admin_slash.amxx")
L 04/04/2019 - 14:55:43: Start of error session.
L 04/04/2019 - 14:55:43: Info (map "1hp") (file "addons/amxmodx/logs/error_20190404.log")
L 04/04/2019 - 14:55:43: [AMXX] Plugin file open error (plugin "admin_slash.amxx")
L 04/04/2019 - 14:55:54: Start of error session.
L 04/04/2019 - 14:55:54: Info (map "1hp") (file "addons/amxmodx/logs/error_20190404.log")
L 04/04/2019 - 14:55:54: [AMXX] Plugin file open error (plugin "admin_slash.amxx")
L 04/04/2019 - 14:56:18: Start of error session.
L 04/04/2019 - 14:56:18: Info (map "35hp") (file "addons/amxmodx/logs/error_20190404.log")
L 04/04/2019 - 14:56:18: [AMXX] Plugin file open error (plugin "admin_slash.amxx")
L 04/04/2019 - 14:57:57: Start of error session.
L 04/04/2019 - 14:57:57: Info (map "35hp") (file "addons/amxmodx/logs/error_20190404.log")
L 04/04/2019 - 14:57:57: [AMXX] Plugin file open error (plugin "admin_slash.amxx")
