L 05/17/2019 - 00:00:15: [mapchooser.amxx] Vote: Voting for the nextmap started
L 05/17/2019 - 00:00:30: [mapchooser.amxx] Vote: Voting for the nextmap finished. The nextmap will be aa_dima2
L 05/17/2019 - 00:01:31: -------- Mapchange to aa_dima2 --------
L 05/17/2019 - 00:01:31: [AMXX] Plugin "axn_bhop.amxx" failed to load: Module/Library "orpheu" required for plugin.  Check modules.ini.
L 05/17/2019 - 00:01:31: [admin.amxx] Login: "Main Uppar Waala hoon.<1><STEAM_0:0:560660266><>" became an admin (account "loopback") (access "abcdefghijklmnopqrstu") (address "loopback")
L 05/17/2019 - 00:01:33: [admin.amxx] Login: "Main Uppar Waala hoon.<1><STEAM_0:0:560660266><>" became an admin (account "loopback") (access "abcdefghijklmnopqrstu") (address "loopback")
L 05/17/2019 - 00:12:31: [mapchooser.amxx] Vote: Voting for the nextmap started
L 05/17/2019 - 00:12:46: [mapchooser.amxx] Vote: Voting for the nextmap finished. The nextmap will be $1000$
L 05/17/2019 - 00:13:15: -------- Mapchange to $1000$ --------
L 05/17/2019 - 00:13:15: [AMXX] Plugin "axn_bhop.amxx" failed to load: Module/Library "orpheu" required for plugin.  Check modules.ini.
L 05/17/2019 - 00:13:16: [admin.amxx] Login: "Main Uppar Waala hoon.<1><STEAM_0:0:560660266><>" became an admin (account "loopback") (access "abcdefghijklmnopqrstu") (address "loopback")
L 05/17/2019 - 00:13:17: [admin.amxx] Login: "Main Uppar Waala hoon.<1><STEAM_0:0:560660266><>" became an admin (account "loopback") (access "abcdefghijklmnopqrstu") (address "loopback")
L 05/17/2019 - 00:23:01: [mapchooser.amxx] Vote: Voting for the nextmap started
L 05/17/2019 - 00:23:16: [mapchooser.amxx] Vote: Voting for the nextmap finished. The nextmap will be de_dust2
L 05/17/2019 - 00:24:02: -------- Mapchange to de_dust2 --------
L 05/17/2019 - 00:24:02: [AMXX] Plugin "axn_bhop.amxx" failed to load: Module/Library "orpheu" required for plugin.  Check modules.ini.
L 05/17/2019 - 00:24:03: [admin.amxx] Login: "Main Uppar Waala hoon.<1><STEAM_0:0:560660266><>" became an admin (account "loopback") (access "abcdefghijklmnopqrstu") (address "loopback")
L 05/17/2019 - 00:24:05: [admin.amxx] Login: "Main Uppar Waala hoon.<1><STEAM_0:0:560660266><>" became an admin (account "loopback") (access "abcdefghijklmnopqrstu") (address "loopback")
L 05/17/2019 - 00:49:31: -------- Mapchange to de_dust2 --------
L 05/17/2019 - 00:49:31: [AMXX] Plugin "axn_bhop.amxx" failed to load: Module/Library "orpheu" required for plugin.  Check modules.ini.
L 05/17/2019 - 00:49:32: [admin.amxx] Login: "Main Uppar Waala hoon.<1><STEAM_0:0:560660266><>" became an admin (account "loopback") (access "abcdefghijklmnopqrstu") (address "loopback")
L 05/17/2019 - 00:49:34: [admin.amxx] Login: "Main Uppar Waala hoon.<1><STEAM_0:0:560660266><>" became an admin (account "loopback") (access "abcdefghijklmnopqrstu") (address "loopback")
L 05/17/2019 - 01:15:00: -------- Mapchange to de_inferno --------
L 05/17/2019 - 01:15:00: [AMXX] Plugin "axn_bhop.amxx" failed to load: Module/Library "orpheu" required for plugin.  Check modules.ini.
L 05/17/2019 - 01:15:01: [admin.amxx] Login: "Main Uppar Waala hoon.<1><STEAM_0:0:560660266><>" became an admin (account "loopback") (access "abcdefghijklmnopqrstu") (address "loopback")
L 05/17/2019 - 01:15:03: [admin.amxx] Login: "Main Uppar Waala hoon.<1><STEAM_0:0:560660266><>" became an admin (account "loopback") (access "abcdefghijklmnopqrstu") (address "loopback")
L 05/17/2019 - 01:40:29: -------- Mapchange to de_nuke --------
L 05/17/2019 - 01:40:29: [AMXX] Plugin "axn_bhop.amxx" failed to load: Module/Library "orpheu" required for plugin.  Check modules.ini.
L 05/17/2019 - 01:40:30: [admin.amxx] Login: "Main Uppar Waala hoon.<1><STEAM_0:0:560660266><>" became an admin (account "loopback") (access "abcdefghijklmnopqrstu") (address "loopback")
L 05/17/2019 - 01:40:32: [admin.amxx] Login: "Main Uppar Waala hoon.<1><STEAM_0:0:560660266><>" became an admin (account "loopback") (access "abcdefghijklmnopqrstu") (address "loopback")
L 05/17/2019 - 02:05:58: -------- Mapchange to de_train --------
L 05/17/2019 - 02:05:58: [AMXX] Plugin "axn_bhop.amxx" failed to load: Module/Library "orpheu" required for plugin.  Check modules.ini.
L 05/17/2019 - 02:05:59: [admin.amxx] Login: "Main Uppar Waala hoon.<1><STEAM_0:0:560660266><>" became an admin (account "loopback") (access "abcdefghijklmnopqrstu") (address "loopback")
L 05/17/2019 - 02:06:01: [admin.amxx] Login: "Main Uppar Waala hoon.<1><STEAM_0:0:560660266><>" became an admin (account "loopback") (access "abcdefghijklmnopqrstu") (address "loopback")
L 05/17/2019 - 02:31:27: -------- Mapchange to de_aztec --------
L 05/17/2019 - 02:31:27: [AMXX] Plugin "axn_bhop.amxx" failed to load: Module/Library "orpheu" required for plugin.  Check modules.ini.
L 05/17/2019 - 02:31:27: [admin.amxx] Login: "Main Uppar Waala hoon.<1><STEAM_0:0:560660266><>" became an admin (account "loopback") (access "abcdefghijklmnopqrstu") (address "loopback")
L 05/17/2019 - 02:31:29: [admin.amxx] Login: "Main Uppar Waala hoon.<1><STEAM_0:0:560660266><>" became an admin (account "loopback") (access "abcdefghijklmnopqrstu") (address "loopback")
L 05/17/2019 - 02:56:55: -------- Mapchange to de_dust2 --------
L 05/17/2019 - 02:56:55: [AMXX] Plugin "axn_bhop.amxx" failed to load: Module/Library "orpheu" required for plugin.  Check modules.ini.
L 05/17/2019 - 02:56:56: [admin.amxx] Login: "Main Uppar Waala hoon.<1><STEAM_0:0:560660266><>" became an admin (account "loopback") (access "abcdefghijklmnopqrstu") (address "loopback")
L 05/17/2019 - 02:56:57: [admin.amxx] Login: "Main Uppar Waala hoon.<1><STEAM_0:0:560660266><>" became an admin (account "loopback") (access "abcdefghijklmnopqrstu") (address "loopback")
L 05/17/2019 - 03:22:23: -------- Mapchange to de_inferno --------
L 05/17/2019 - 03:22:23: [AMXX] Plugin "axn_bhop.amxx" failed to load: Module/Library "orpheu" required for plugin.  Check modules.ini.
L 05/17/2019 - 03:22:24: [admin.amxx] Login: "Main Uppar Waala hoon.<1><STEAM_0:0:560660266><>" became an admin (account "loopback") (access "abcdefghijklmnopqrstu") (address "loopback")
L 05/17/2019 - 03:22:26: [admin.amxx] Login: "Main Uppar Waala hoon.<1><STEAM_0:0:560660266><>" became an admin (account "loopback") (access "abcdefghijklmnopqrstu") (address "loopback")
L 05/17/2019 - 03:47:51: -------- Mapchange to de_nuke --------
L 05/17/2019 - 03:47:51: [AMXX] Plugin "axn_bhop.amxx" failed to load: Module/Library "orpheu" required for plugin.  Check modules.ini.
L 05/17/2019 - 03:47:52: [admin.amxx] Login: "Main Uppar Waala hoon.<1><STEAM_0:0:560660266><>" became an admin (account "loopback") (access "abcdefghijklmnopqrstu") (address "loopback")
L 05/17/2019 - 03:47:54: [admin.amxx] Login: "Main Uppar Waala hoon.<1><STEAM_0:0:560660266><>" became an admin (account "loopback") (access "abcdefghijklmnopqrstu") (address "loopback")
L 05/17/2019 - 04:13:20: -------- Mapchange to de_train --------
L 05/17/2019 - 04:13:20: [AMXX] Plugin "axn_bhop.amxx" failed to load: Module/Library "orpheu" required for plugin.  Check modules.ini.
L 05/17/2019 - 04:13:21: [admin.amxx] Login: "Main Uppar Waala hoon.<1><STEAM_0:0:560660266><>" became an admin (account "loopback") (access "abcdefghijklmnopqrstu") (address "loopback")
L 05/17/2019 - 04:13:22: [admin.amxx] Login: "Main Uppar Waala hoon.<1><STEAM_0:0:560660266><>" became an admin (account "loopback") (access "abcdefghijklmnopqrstu") (address "loopback")
L 05/17/2019 - 04:38:48: -------- Mapchange to de_aztec --------
L 05/17/2019 - 04:38:48: [AMXX] Plugin "axn_bhop.amxx" failed to load: Module/Library "orpheu" required for plugin.  Check modules.ini.
L 05/17/2019 - 04:38:49: [admin.amxx] Login: "Main Uppar Waala hoon.<1><STEAM_0:0:560660266><>" became an admin (account "loopback") (access "abcdefghijklmnopqrstu") (address "loopback")
L 05/17/2019 - 04:38:50: [admin.amxx] Login: "Main Uppar Waala hoon.<1><STEAM_0:0:560660266><>" became an admin (account "loopback") (access "abcdefghijklmnopqrstu") (address "loopback")
L 05/17/2019 - 05:04:16: -------- Mapchange to de_dust2 --------
L 05/17/2019 - 05:04:16: [AMXX] Plugin "axn_bhop.amxx" failed to load: Module/Library "orpheu" required for plugin.  Check modules.ini.
L 05/17/2019 - 05:04:17: [admin.amxx] Login: "Main Uppar Waala hoon.<1><STEAM_0:0:560660266><>" became an admin (account "loopback") (access "abcdefghijklmnopqrstu") (address "loopback")
L 05/17/2019 - 05:04:18: [admin.amxx] Login: "Main Uppar Waala hoon.<1><STEAM_0:0:560660266><>" became an admin (account "loopback") (access "abcdefghijklmnopqrstu") (address "loopback")
L 05/17/2019 - 05:29:45: -------- Mapchange to de_inferno --------
L 05/17/2019 - 05:29:45: [AMXX] Plugin "axn_bhop.amxx" failed to load: Module/Library "orpheu" required for plugin.  Check modules.ini.
L 05/17/2019 - 05:29:46: [admin.amxx] Login: "Main Uppar Waala hoon.<1><STEAM_0:0:560660266><>" became an admin (account "loopback") (access "abcdefghijklmnopqrstu") (address "loopback")
L 05/17/2019 - 05:29:47: [admin.amxx] Login: "Main Uppar Waala hoon.<1><STEAM_0:0:560660266><>" became an admin (account "loopback") (access "abcdefghijklmnopqrstu") (address "loopback")
L 05/17/2019 - 05:55:13: -------- Mapchange to de_nuke --------
L 05/17/2019 - 05:55:13: [AMXX] Plugin "axn_bhop.amxx" failed to load: Module/Library "orpheu" required for plugin.  Check modules.ini.
L 05/17/2019 - 05:55:14: [admin.amxx] Login: "Main Uppar Waala hoon.<1><STEAM_0:0:560660266><>" became an admin (account "loopback") (access "abcdefghijklmnopqrstu") (address "loopback")
L 05/17/2019 - 05:55:16: [admin.amxx] Login: "Main Uppar Waala hoon.<1><STEAM_0:0:560660266><>" became an admin (account "loopback") (access "abcdefghijklmnopqrstu") (address "loopback")
L 05/17/2019 - 06:20:42: -------- Mapchange to de_train --------
L 05/17/2019 - 06:20:42: [AMXX] Plugin "axn_bhop.amxx" failed to load: Module/Library "orpheu" required for plugin.  Check modules.ini.
L 05/17/2019 - 06:20:43: [admin.amxx] Login: "Main Uppar Waala hoon.<1><STEAM_0:0:560660266><>" became an admin (account "loopback") (access "abcdefghijklmnopqrstu") (address "loopback")
L 05/17/2019 - 06:20:45: [admin.amxx] Login: "Main Uppar Waala hoon.<1><STEAM_0:0:560660266><>" became an admin (account "loopback") (access "abcdefghijklmnopqrstu") (address "loopback")
L 05/17/2019 - 06:46:10: -------- Mapchange to de_aztec --------
L 05/17/2019 - 06:46:10: [AMXX] Plugin "axn_bhop.amxx" failed to load: Module/Library "orpheu" required for plugin.  Check modules.ini.
L 05/17/2019 - 06:46:11: [admin.amxx] Login: "Main Uppar Waala hoon.<1><STEAM_0:0:560660266><>" became an admin (account "loopback") (access "abcdefghijklmnopqrstu") (address "loopback")
L 05/17/2019 - 06:46:13: [admin.amxx] Login: "Main Uppar Waala hoon.<1><STEAM_0:0:560660266><>" became an admin (account "loopback") (access "abcdefghijklmnopqrstu") (address "loopback")
L 05/17/2019 - 07:11:38: -------- Mapchange to de_dust2 --------
L 05/17/2019 - 07:11:38: [AMXX] Plugin "axn_bhop.amxx" failed to load: Module/Library "orpheu" required for plugin.  Check modules.ini.
L 05/17/2019 - 07:11:39: [admin.amxx] Login: "Main Uppar Waala hoon.<1><STEAM_0:0:560660266><>" became an admin (account "loopback") (access "abcdefghijklmnopqrstu") (address "loopback")
L 05/17/2019 - 07:11:41: [admin.amxx] Login: "Main Uppar Waala hoon.<1><STEAM_0:0:560660266><>" became an admin (account "loopback") (access "abcdefghijklmnopqrstu") (address "loopback")
L 05/17/2019 - 07:37:07: -------- Mapchange to de_inferno --------
L 05/17/2019 - 07:37:07: [AMXX] Plugin "axn_bhop.amxx" failed to load: Module/Library "orpheu" required for plugin.  Check modules.ini.
L 05/17/2019 - 07:37:08: [admin.amxx] Login: "Main Uppar Waala hoon.<1><STEAM_0:0:560660266><>" became an admin (account "loopback") (access "abcdefghijklmnopqrstu") (address "loopback")
L 05/17/2019 - 07:37:09: [admin.amxx] Login: "Main Uppar Waala hoon.<1><STEAM_0:0:560660266><>" became an admin (account "loopback") (access "abcdefghijklmnopqrstu") (address "loopback")
L 05/17/2019 - 16:16:00: -------- Mapchange to 3d_aim_dust2 --------
L 05/17/2019 - 16:16:00: [CSX] Could not load csstats file: cstrike\
L 05/17/2019 - 16:16:01: [AMXX] Plugin "axn_bhop.amxx" failed to load: Module/Library "orpheu" required for plugin.  Check modules.ini.
L 05/17/2019 - 16:16:17: [admin.amxx] Login: "Main Uppar Waala hoon.<1><STEAM_0:0:841558293><>" became an admin (account "loopback") (access "abcdefghijklmnopqrstu") (address "loopback")
L 05/17/2019 - 16:16:25: [admin.amxx] Login: "Main Uppar Waala hoon.<1><STEAM_0:0:841558293><>" became an admin (account "loopback") (access "abcdefghijklmnopqrstu") (address "loopback")
L 05/17/2019 - 16:19:14: -------- Mapchange to 3d_aim_dust2 --------
L 05/17/2019 - 16:19:14: [CSX] Could not load csstats file: cstrike\
L 05/17/2019 - 16:19:14: [AMXX] Plugin "axn_bhop.amxx" failed to load: Module/Library "orpheu" required for plugin.  Check modules.ini.
L 05/17/2019 - 16:19:25: [admin.amxx] Login: "Main Uppar Waala hoon.<1><STEAM_0:0:841558293><>" became an admin (account "loopback") (access "abcdefghijklmnopqrstu") (address "loopback")
L 05/17/2019 - 16:19:31: [admin.amxx] Login: "Main Uppar Waala hoon.<1><STEAM_0:0:841558293><>" became an admin (account "loopback") (access "abcdefghijklmnopqrstu") (address "loopback")
L 05/17/2019 - 16:24:32: -------- Mapchange to $1000$ --------
L 05/17/2019 - 16:24:32: [CSX] Could not load csstats file: cstrike\
L 05/17/2019 - 16:24:32: [AMXX] Plugin "axn_bhop.amxx" failed to load: Module/Library "orpheu" required for plugin.  Check modules.ini.
L 05/17/2019 - 16:52:53: [mapchooser.amxx] Vote: Voting for the nextmap started
L 05/17/2019 - 16:53:08: [mapchooser.amxx] Vote: Voting for the nextmap finished. The nextmap will be de_aztec
L 05/17/2019 - 16:55:02: -------- Mapchange to de_aztec --------
L 05/17/2019 - 16:55:03: [AMXX] Plugin "axn_bhop.amxx" failed to load: Module/Library "orpheu" required for plugin.  Check modules.ini.
L 05/17/2019 - 17:23:03: [mapchooser.amxx] Vote: Voting for the nextmap started
L 05/17/2019 - 17:23:18: [mapchooser.amxx] Vote: Voting for the nextmap finished. The nextmap will be de_dust2
L 05/17/2019 - 17:25:12: -------- Mapchange to de_dust2 --------
L 05/17/2019 - 17:25:12: [AMXX] Plugin "axn_bhop.amxx" failed to load: Module/Library "orpheu" required for plugin.  Check modules.ini.
